#
# A fatal error has been detected by the Java Runtime Environment:
#
#  EXCEPTION_ACCESS_VIOLATION (0xc0000005) at pc=0x00000289ad9ab1a6, pid=31760, tid=37864
#
# JRE version: OpenJDK Runtime Environment Corretto-16.0.2.7.1 (16.0.2+7) (build 16.0.2+7)
# Java VM: OpenJDK 64-Bit Server VM Corretto-16.0.2.7.1 (16.0.2+7, mixed mode, sharing, tiered, compressed oops, compressed class ptrs, g1 gc, windows-amd64)
# Problematic frame:
# j  com.google.common.collect.Iterables$5.iterator()Ljava/util/Iterator;+13
#
# No core dump will be written. Minidumps are not enabled by default on client versions of Windows
#
# If you would like to submit a bug report, please visit:
#   https://github.com/corretto/corretto-jdk/issues/
#

---------------  S U M M A R Y ------------

Command Line: --add-opens=java.base/java.util=ALL-UNNAMED --add-opens=java.base/java.lang=ALL-UNNAMED --add-opens=java.base/java.lang.invoke=ALL-UNNAMED --add-opens=java.base/java.util=ALL-UNNAMED --add-opens=java.prefs/java.util.prefs=ALL-UNNAMED --add-opens=java.prefs/java.util.prefs=ALL-UNNAMED --add-opens=java.base/java.nio.charset=ALL-UNNAMED --add-opens=java.base/java.net=ALL-UNNAMED --add-opens=java.base/java.util.concurrent.atomic=ALL-UNNAMED -XX:MaxMetaspaceSize=256m -XX:+HeapDumpOnOutOfMemoryError -Xms256m -Xmx512m -Dfile.encoding=windows-1252 -Duser.country=US -Duser.language=en -Duser.variant org.gradle.launcher.daemon.bootstrap.GradleDaemon 7.0.2

Host: 11th Gen Intel(R) Core(TM) i7-11390H @ 3.40GHz, 8 cores, 15G,  Windows 10 , 64 bit Build 22621 (10.0.22621.1778)
Time: Mon Jul  3 09:37:46 2023 US Mountain Standard Time elapsed time: 56886.956879 seconds (0d 15h 48m 6s)

---------------  T H R E A D  ---------------

Current thread (0x00000289c116d050):  JavaThread "Daemon worker Thread 4" [_thread_in_Java, id=37864, stack(0x000000ee5c400000,0x000000ee5c500000)]

Stack: [0x000000ee5c400000,0x000000ee5c500000],  sp=0x000000ee5c4f99a0,  free space=998k
Native frames: (J=compiled Java code, j=interpreted, Vv=VM code, C=native code)
C  0x00000289ad9ab1a6


siginfo: EXCEPTION_ACCESS_VIOLATION (0xc0000005), reading address 0xffffffffffffffff


Register to memory mapping:

RIP=0x00000289ad9ab1a6 is at code_begin+294 in an Interpreter codelet
invokestatic  184 invokestatic  [0x00000289ad9ab080, 0x00000289ad9ab380]  768 bytes
RAX=0x00000000ef18bfd8 is an oop: org.gradle.model.internal.inspect.ModelRuleSourceDetector$3 
{0x00000000ef18bfd8} - klass: 'org/gradle/model/internal/inspect/ModelRuleSourceDetector$3'
RBX=0x8e7a8e7990789178 is an unknown value
RCX=0x00000289c9a838b0 is pointing into metadata
RDX=0x0000000000000010 is an unknown value
RSP=0x000000ee5c4f99a0 is pointing into the stack for thread: 0x00000289c116d050
RBP=0x000000ee5c4f99f8 is pointing into the stack for thread: 0x00000289c116d050
RSI=0x00000000ef18bfe8 is an oop: com.google.common.collect.Iterables$5 
{0x00000000ef18bfe8} - klass: 'com/google/common/collect/Iterables$5'
RDI=0x0000000801045528 is a pointer to class: 
com.google.common.collect.Iterables$5 {0x0000000801045530}
R8 =0x00000000e1bf0d80 is an oop: com.google.common.base.Predicates$ObjectPredicate$4 
{0x00000000e1bf0d80} - klass: 'com/google/common/base/Predicates$ObjectPredicate$4'
R9 =0x00000000e1bf0cd8 is an oop: java.lang.Class 
{0x00000000e1bf0cd8} - klass: 'java/lang/Class'
R10=0x00007ffd3a3975d0 jvm.dll
R11=0x00000289b5c3f4c0 is at entry_point+32 in (nmethod*)0x00000289b5c3f310
R12=0x0 is NULL
R13=0x00000289c9a8380d is pointing into metadata
R14=0x000000ee5c4f9a08 is pointing into the stack for thread: 0x00000289c116d050
R15=0x00000289c116d050 is a thread


Registers:
RAX=0x00000000ef18bfd8, RBX=0x8e7a8e7990789178, RCX=0x00000289c9a838b0, RDX=0x0000000000000010
RSP=0x000000ee5c4f99a0, RBP=0x000000ee5c4f99f8, RSI=0x00000000ef18bfe8, RDI=0x0000000801045528
R8 =0x00000000e1bf0d80, R9 =0x00000000e1bf0cd8, R10=0x00007ffd3a3975d0, R11=0x00000289b5c3f4c0
R12=0x0000000000000000, R13=0x00000289c9a8380d, R14=0x000000ee5c4f9a08, R15=0x00000289c116d050
RIP=0x00000289ad9ab1a6, EFLAGS=0x0000000000010246

Top of Stack: (sp=0x000000ee5c4f99a0)
0x000000ee5c4f99a0:   00000000ef18bfd8 00000000e08814b8
0x000000ee5c4f99b0:   000000ee5c4f99b0 00000289c9a8380d
0x000000ee5c4f99c0:   000000ee5c4f9a08 00000289c9a838b0
0x000000ee5c4f99d0:   0000000000000000 00000000e1bf0fd0
0x000000ee5c4f99e0:   00000289c9a83828 0000000000000000
0x000000ee5c4f99f0:   000000ee5c4f9a10 000000ee5c4f9b78
0x000000ee5c4f9a00:   00000289af429454 00000000ef18bfe8
0x000000ee5c4f9a10:   00000000ef18bfe8 00000000e1bf0d80
0x000000ee5c4f9a20:   0000000000000000 00000000e1bf0cd8
0x000000ee5c4f9a30:   000000ee5c4f9aa0 00000289ad99966b
0x000000ee5c4f9a40:   00000289ad99966b 00000289ad99966b
0x000000ee5c4f9a50:   00000000ef18c000 000000ee5c4f9a58
0x000000ee5c4f9a60:   00000289c1a1d5f0 000000ee5c4f9ab8
0x000000ee5c4f9a70:   00000289c9a7bef8 0000000000000000
0x000000ee5c4f9a80:   00000000e10a8010 00000289c1a1d618
0x000000ee5c4f9a90:   0000000000000000 00000000ef18c000 

Instructions: (pc=0x00000289ad9ab1a6)
0x00000289ad9ab0a6:   44 24 08 00 00 00 00 e9 01 00 00 00 50 4c 89 6d
0x00000289ad9ab0b6:   c0 41 0f b7 55 01 48 8b 4d d0 c1 e2 02 8b 5c d1
0x00000289ad9ab0c6:   20 c1 eb 10 81 e3 ff 00 00 00 81 fb b8 00 00 00
0x00000289ad9ab0d6:   0f 84 c1 00 00 00 bb b8 00 00 00 e8 05 00 00 00
0x00000289ad9ab0e6:   e9 a6 00 00 00 48 8b d3 48 8d 44 24 08 4c 89 6d
0x00000289ad9ab0f6:   c0 49 8b cf c5 f8 77 49 89 af f8 02 00 00 49 89
0x00000289ad9ab106:   87 e8 02 00 00 48 83 ec 20 f7 c4 0f 00 00 00 0f
0x00000289ad9ab116:   84 1a 00 00 00 48 83 ec 08 49 ba c0 f7 ba 39 fd
0x00000289ad9ab126:   7f 00 00 41 ff d2 48 83 c4 08 e9 0d 00 00 00 49
0x00000289ad9ab136:   ba c0 f7 ba 39 fd 7f 00 00 41 ff d2 48 83 c4 20
0x00000289ad9ab146:   49 c7 87 e8 02 00 00 00 00 00 00 49 c7 87 f8 02
0x00000289ad9ab156:   00 00 00 00 00 00 49 c7 87 f0 02 00 00 00 00 00
0x00000289ad9ab166:   00 49 c7 87 00 03 00 00 00 00 00 00 c5 f8 77 49
0x00000289ad9ab176:   81 7f 08 00 00 00 00 0f 84 05 00 00 00 e9 78 5d
0x00000289ad9ab186:   fe ff 4c 8b 6d c0 4c 8b 75 c8 c3 41 0f b7 55 01
0x00000289ad9ab196:   48 8b 4d d0 c1 e2 02 48 8b 5c d1 28 48 8b 5b 08
0x00000289ad9ab1a6:   48 8b 5b 08 48 8b 5b 18 80 bb 33 01 00 00 04 0f
0x00000289ad9ab1b6:   84 0d 00 00 00 4c 3b bb 38 01 00 00 0f 85 14 ff
0x00000289ad9ab1c6:   ff ff 48 8b 5c d1 28 8b 54 d1 38 c1 ea 1c 49 ba
0x00000289ad9ab1d6:   e0 34 39 3a fd 7f 00 00 49 8b 14 d2 52 48 8b 45
0x00000289ad9ab1e6:   d8 48 85 c0 0f 84 12 00 00 00 48 83 40 08 01 48
0x00000289ad9ab1f6:   83 58 08 00 48 83 c0 10 48 89 45 d8 48 8b 45 d8
0x00000289ad9ab206:   48 85 c0 0f 84 49 01 00 00 80 78 f0 0a 0f 85 3f
0x00000289ad9ab216:   01 00 00 48 83 c0 08 4c 8b 68 f8 41 83 ed 00 41
0x00000289ad9ab226:   83 fd 02 0f 8c 1e 01 00 00 4c 8b 6b 08 45 0f b7
0x00000289ad9ab236:   6d 34 4c 2b 28 41 83 ed 01 4e 8b 6c ec 08 4d 85
0x00000289ad9ab246:   ed 75 0a 48 81 48 08 01 00 00 00 eb 5a 45 8b 6d
0x00000289ad9ab256:   08 49 c1 e5 03 49 ba 00 00 00 00 08 00 00 00 4d
0x00000289ad9ab266:   03 ea 4c 33 68 08 49 f7 c5 fc ff ff ff 74 38 49
0x00000289ad9ab276:   f7 c5 02 00 00 00 75 2f 48 81 78 08 00 00 00 00
0x00000289ad9ab286:   74 21 48 81 78 08 01 00 00 00 74 17 4c 33 68 08
0x00000289ad9ab296:   49 f7 c5 fc ff ff ff 74 0e 48 81 48 08 02 00 00 


Stack slot to memory mapping:
stack at sp + 0 slots: 0x00000000ef18bfd8 is an oop: org.gradle.model.internal.inspect.ModelRuleSourceDetector$3 
{0x00000000ef18bfd8} - klass: 'org/gradle/model/internal/inspect/ModelRuleSourceDetector$3'
stack at sp + 1 slots: 0x00000000e08814b8 is an oop: java.util.Collections$EmptyIterator 
{0x00000000e08814b8} - klass: 'java/util/Collections$EmptyIterator'
stack at sp + 2 slots: 0x000000ee5c4f99b0 is pointing into the stack for thread: 0x00000289c116d050
stack at sp + 3 slots: 0x00000289c9a8380d is pointing into metadata
stack at sp + 4 slots: 0x000000ee5c4f9a08 is pointing into the stack for thread: 0x00000289c116d050
stack at sp + 5 slots: 0x00000289c9a838b0 is pointing into metadata
stack at sp + 6 slots: 0x0 is NULL
stack at sp + 7 slots: 0x00000000e1bf0fd0 is an oop: java.lang.Class 
{0x00000000e1bf0fd0} - klass: 'java/lang/Class'

invokestatic  184 invokestatic  [0x00000289ad9ab080, 0x00000289ad9ab380]  768 bytes
[MachCode]
  0x00000289ad9ab080: 4883 ec08 | c5fa 1104 | 24e9 2500 | 0000 4883 | ec10 c5fb | 1104 24e9 | 1700 0000 | 4883 ec10 
  0x00000289ad9ab0a0: 4889 0424 | 48c7 4424 | 0800 0000 | 00e9 0100 | 0000 504c | 896d c041 | 0fb7 5501 | 488b 4dd0 
  0x00000289ad9ab0c0: c1e2 028b | 5cd1 20c1 | eb10 81e3 | ff00 0000 | 81fb b800 | 0000 0f84 | c100 0000 | bbb8 0000 
  0x00000289ad9ab0e0: 00e8 0500 | 0000 e9a6 | 0000 0048 | 8bd3 488d | 4424 084c | 896d c049 | 8bcf c5f8 | 7749 89af 
  0x00000289ad9ab100: f802 0000 | 4989 87e8 | 0200 0048 | 83ec 20f7 | c40f 0000 | 000f 841a | 0000 0048 | 83ec 0849 
  0x00000289ad9ab120: bac0 f7ba | 39fd 7f00 | 0041 ffd2 | 4883 c408 | e90d 0000 | 0049 bac0 | f7ba 39fd | 7f00 0041 
  0x00000289ad9ab140: ffd2 4883 | c420 49c7 | 87e8 0200 | 0000 0000 | 0049 c787 | f802 0000 | 0000 0000 | 49c7 87f0 
  0x00000289ad9ab160: 0200 0000 | 0000 0049 | c787 0003 | 0000 0000 | 0000 c5f8 | 7749 817f | 0800 0000 | 000f 8405 
  0x00000289ad9ab180: 0000 00e9 | 785d feff | 4c8b 6dc0 | 4c8b 75c8 | c341 0fb7 | 5501 488b | 4dd0 c1e2 | 0248 8b5c 
  0x00000289ad9ab1a0: d128 488b | 5b08 488b | 5b08 488b | 5b18 80bb | 3301 0000 | 040f 840d | 0000 004c | 3bbb 3801 
  0x00000289ad9ab1c0: 0000 0f85 | 14ff ffff | 488b 5cd1 | 288b 54d1 | 38c1 ea1c | 49ba e034 | 393a fd7f | 0000 498b 
  0x00000289ad9ab1e0: 14d2 5248 | 8b45 d848 | 85c0 0f84 | 1200 0000 | 4883 4008 | 0148 8358 | 0800 4883 | c010 4889 
  0x00000289ad9ab200: 45d8 488b | 45d8 4885 | c00f 8449 | 0100 0080 | 78f0 0a0f | 853f 0100 | 0048 83c0 | 084c 8b68 
  0x00000289ad9ab220: f841 83ed | 0041 83fd | 020f 8c1e | 0100 004c | 8b6b 0845 | 0fb7 6d34 | 4c2b 2841 | 83ed 014e 
  0x00000289ad9ab240: 8b6c ec08 | 4d85 ed75 | 0a48 8148 | 0801 0000 | 00eb 5a45 | 8b6d 0849 | c1e5 0349 | ba00 0000 
  0x00000289ad9ab260: 0008 0000 | 004d 03ea | 4c33 6808 | 49f7 c5fc | ffff ff74 | 3849 f7c5 | 0200 0000 | 752f 4881 
  0x00000289ad9ab280: 7808 0000 | 0000 7421 | 4881 7808 | 0100 0000 | 7417 4c33 | 6808 49f7 | c5fc ffff | ff74 0e48 
  0x00000289ad9ab2a0: 8148 0802 | 0000 00eb | 044c 8968 | 0848 83c0 | 104c 8b68 | e841 83ed | 0241 83fd | 020f 8c8a 
  0x00000289ad9ab2c0: 0000 004c | 8b6b 0845 | 0fb7 6d34 | 4c2b 2841 | 83ed 014e | 8b6c ec08 | 4d85 ed75 | 0a48 8148 
  0x00000289ad9ab2e0: 0801 0000 | 00eb 5a45 | 8b6d 0849 | c1e5 0349 | ba00 0000 | 0008 0000 | 004d 03ea | 4c33 6808 
  0x00000289ad9ab300: 49f7 c5fc | ffff ff74 | 3849 f7c5 | 0200 0000 | 752f 4881 | 7808 0000 | 0000 7421 | 4881 7808 
  0x00000289ad9ab320: 0100 0000 | 7417 4c33 | 6808 49f7 | c5fc ffff | ff74 0e48 | 8148 0802 | 0000 00eb | 044c 8968 
  0x00000289ad9ab340: 0848 83c0 | 104c 8b68 | d841 83ed | 0441 c1e5 | 0349 03c5 | 4889 45d8 | 4c8d 6c24 | 084c 896d 
  0x00000289ad9ab360: f0ff 6348 | 0f1f 4000 | 0000 0000 | 0000 0000 | 0000 0000 | 0000 0000 | 0000 0000 | 0000 0000 
[/MachCode]

---------------  P R O C E S S  ---------------

Threads class SMR info:
_java_thread_list=0x00000289c3de7a00, length=44, elements={
0x00000289a37a7800, 0x00000289c1111370, 0x00000289c1111f70, 0x00000289c1122230,
0x00000289c1124e40, 0x00000289c1127850, 0x00000289c1128250, 0x00000289c112a040,
0x00000289c112ab30, 0x00000289c112b570, 0x00000289c1ce81a0, 0x00000289c1ce8bb0,
0x00000289c3b534e0, 0x00000289c408d830, 0x00000289c34f1860, 0x00000289c36b6530,
0x00000289c36b7a70, 0x00000289c36b6a80, 0x00000289c36b6fd0, 0x00000289c36b8510,
0x00000289c3ca8e50, 0x00000289c3cad8b0, 0x00000289c3cade00, 0x00000289c3cab380,
0x00000289c3caf340, 0x00000289c3caedf0, 0x00000289c3caa8e0, 0x00000289c3ca7910,
0x00000289c3cab8d0, 0x00000289c3cac370, 0x00000289c3cae8a0, 0x00000289c74ee060,
0x00000289ca4c8b10, 0x00000289c116cb00, 0x00000289c116e040, 0x00000289c116d050,
0x00000289ca4c8070, 0x00000289ca4c9060, 0x00000289c8806430, 0x00000289c8804ef0,
0x00000289c8805440, 0x00000289c2bcb6d0, 0x00000289c8805ee0, 0x00000289c74edb10
}

Java Threads: ( => current thread )
  0x00000289a37a7800 JavaThread "main" [_thread_blocked, id=25732, stack(0x000000ee5b100000,0x000000ee5b200000)]
  0x00000289c1111370 JavaThread "Reference Handler" daemon [_thread_blocked, id=16828, stack(0x000000ee5b800000,0x000000ee5b900000)]
  0x00000289c1111f70 JavaThread "Finalizer" daemon [_thread_blocked, id=16200, stack(0x000000ee5b900000,0x000000ee5ba00000)]
  0x00000289c1122230 JavaThread "Signal Dispatcher" daemon [_thread_blocked, id=8056, stack(0x000000ee5ba00000,0x000000ee5bb00000)]
  0x00000289c1124e40 JavaThread "Attach Listener" daemon [_thread_blocked, id=3508, stack(0x000000ee5bb00000,0x000000ee5bc00000)]
  0x00000289c1127850 JavaThread "Service Thread" daemon [_thread_blocked, id=4780, stack(0x000000ee5bc00000,0x000000ee5bd00000)]
  0x00000289c1128250 JavaThread "Monitor Deflation Thread" daemon [_thread_blocked, id=20872, stack(0x000000ee5bd00000,0x000000ee5be00000)]
  0x00000289c112a040 JavaThread "C2 CompilerThread0" daemon [_thread_in_native, id=25012, stack(0x000000ee5be00000,0x000000ee5bf00000)]
  0x00000289c112ab30 JavaThread "C1 CompilerThread0" daemon [_thread_blocked, id=26880, stack(0x000000ee5bf00000,0x000000ee5c000000)]
  0x00000289c112b570 JavaThread "Sweeper thread" daemon [_thread_blocked, id=29840, stack(0x000000ee5c000000,0x000000ee5c100000)]
  0x00000289c1ce81a0 JavaThread "Common-Cleaner" daemon [_thread_blocked, id=25152, stack(0x000000ee5c100000,0x000000ee5c200000)]
  0x00000289c1ce8bb0 JavaThread "Notification Thread" daemon [_thread_blocked, id=27880, stack(0x000000ee5c200000,0x000000ee5c300000)]
  0x00000289c3b534e0 JavaThread "Daemon health stats" [_thread_blocked, id=7308, stack(0x000000ee5cb00000,0x000000ee5cc00000)]
  0x00000289c408d830 JavaThread "Incoming local TCP Connector on port 53960" [_thread_in_native, id=13452, stack(0x000000ee5cc00000,0x000000ee5cd00000)]
  0x00000289c34f1860 JavaThread "Daemon periodic checks" [_thread_blocked, id=15640, stack(0x000000ee5cd00000,0x000000ee5ce00000)]
  0x00000289c36b6530 JavaThread "Cache worker for file hash cache (C:\Users\Aisha\.gradle\caches\7.0.2\fileHashes)" [_thread_blocked, id=28360, stack(0x000000ee5d500000,0x000000ee5d600000)]
  0x00000289c36b7a70 JavaThread "File lock request listener" [_thread_in_native, id=18280, stack(0x000000ee5d600000,0x000000ee5d700000)]
  0x00000289c36b6a80 JavaThread "Cache worker for journal cache (C:\Users\Aisha\.gradle\caches\journal-1)" [_thread_blocked, id=32388, stack(0x000000ee5d700000,0x000000ee5d800000)]
  0x00000289c36b6fd0 JavaThread "File watcher server" daemon [_thread_in_native, id=27480, stack(0x000000ee5d900000,0x000000ee5da00000)]
  0x00000289c36b8510 JavaThread "File watcher consumer" daemon [_thread_blocked, id=20812, stack(0x000000ee5da00000,0x000000ee5db00000)]
  0x00000289c3ca8e50 JavaThread "Cache worker for execution history cache (C:\Users\Aisha\.gradle\caches\7.0.2\executionHistory)" [_thread_blocked, id=2864, stack(0x000000ee5dd00000,0x000000ee5de00000)]
  0x00000289c3cad8b0 JavaThread "jar transforms" [_thread_blocked, id=33600, stack(0x000000ee5e200000,0x000000ee5e300000)]
  0x00000289c3cade00 JavaThread "jar transforms Thread 2" [_thread_blocked, id=6312, stack(0x000000ee5e300000,0x000000ee5e400000)]
  0x00000289c3cab380 JavaThread "Cache worker for file content cache (C:\Users\Aisha\.gradle\caches\7.0.2\fileContent)" [_thread_blocked, id=33612, stack(0x000000ee5e400000,0x000000ee5e500000)]
  0x00000289c3caf340 JavaThread "Memory manager" [_thread_blocked, id=29652, stack(0x000000ee5e700000,0x000000ee5e800000)]
  0x00000289c3caedf0 JavaThread "jar transforms Thread 3" [_thread_blocked, id=33652, stack(0x000000ee5e800000,0x000000ee5e900000)]
  0x00000289c3caa8e0 JavaThread "jar transforms Thread 4" [_thread_blocked, id=10184, stack(0x000000ee5e900000,0x000000ee5ea00000)]
  0x00000289c3ca7910 JavaThread "jar transforms Thread 5" [_thread_blocked, id=31416, stack(0x000000ee5ea00000,0x000000ee5eb00000)]
  0x00000289c3cab8d0 JavaThread "jar transforms Thread 6" [_thread_blocked, id=26716, stack(0x000000ee5e600000,0x000000ee5e700000)]
  0x00000289c3cac370 JavaThread "jar transforms Thread 7" [_thread_blocked, id=17704, stack(0x000000ee5ed00000,0x000000ee5ee00000)]
  0x00000289c3cae8a0 JavaThread "jar transforms Thread 8" [_thread_blocked, id=29456, stack(0x000000ee5ee00000,0x000000ee5ef00000)]
  0x00000289c74ee060 JavaThread "Cache worker for Java compile cache (C:\Users\Aisha\.gradle\caches\7.0.2\javaCompile)" [_thread_blocked, id=22400, stack(0x000000ee5fd00000,0x000000ee5fe00000)]
  0x00000289ca4c8b10 JavaThread "Daemon Thread 4" [_thread_blocked, id=37576, stack(0x000000ee5ae00000,0x000000ee5af00000)]
  0x00000289c116cb00 JavaThread "Handler for socket connection from /127.0.0.1:53960 to /127.0.0.1:61811" [_thread_in_native, id=32148, stack(0x000000ee5af00000,0x000000ee5b000000)]
  0x00000289c116e040 JavaThread "Cancel handler" [_thread_blocked, id=35316, stack(0x000000ee5b000000,0x000000ee5b100000)]
=>0x00000289c116d050 JavaThread "Daemon worker Thread 4" [_thread_in_Java, id=37864, stack(0x000000ee5c400000,0x000000ee5c500000)]
  0x00000289ca4c8070 JavaThread "Asynchronous log dispatcher for DefaultDaemonConnection: socket connection from /127.0.0.1:53960 to /127.0.0.1:61811" [_thread_blocked, id=37920, stack(0x000000ee5ca00000,0x000000ee5cb00000)]
  0x00000289ca4c9060 JavaThread "Stdin handler" [_thread_blocked, id=37384, stack(0x000000ee5ce00000,0x000000ee5cf00000)]
  0x00000289c8806430 JavaThread "Daemon client event forwarder" [_thread_blocked, id=35440, stack(0x000000ee5cf00000,0x000000ee5d000000)]
  0x00000289c8804ef0 JavaThread "Cache worker for file hash cache (C:\Users\Aisha\OneDrive\Desktop\Kenzie\ata-capstone-project-bremartin95-1\.gradle\7.0.2\fileHashes)" [_thread_blocked, id=11640, stack(0x000000ee5d000000,0x000000ee5d100000)]
  0x00000289c8805440 JavaThread "Cache worker for checksums cache (C:\Users\Aisha\OneDrive\Desktop\Kenzie\ata-capstone-project-bremartin95-1\.gradle\checksums)" [_thread_blocked, id=8312, stack(0x000000ee5d100000,0x000000ee5d200000)]
  0x00000289c2bcb6d0 JavaThread "Cache worker for cache directory md-supplier (C:\Users\Aisha\.gradle\caches\7.0.2\md-supplier)" [_thread_blocked, id=30232, stack(0x000000ee5d200000,0x000000ee5d300000)]
  0x00000289c8805ee0 JavaThread "Cache worker for cache directory md-rule (C:\Users\Aisha\.gradle\caches\7.0.2\md-rule)" [_thread_blocked, id=29108, stack(0x000000ee5d300000,0x000000ee5d400000)]
  0x00000289c74edb10 JavaThread "Cache worker for dependencies-accessors (C:\Users\Aisha\OneDrive\Desktop\Kenzie\ata-capstone-project-bremartin95-1\.gradle\7.0.2\dependencies-accessors)" [_thread_blocked, id=12900, stack(0x000000ee5d400000,0x000000ee5d500000)]

Other Threads:
  0x00000289c110bbd0 VMThread "VM Thread" [stack: 0x000000ee5b700000,0x000000ee5b800000] [id=16948]
  0x00000289c1ce90d0 WatcherThread [stack: 0x000000ee5c300000,0x000000ee5c400000] [id=23892]
  0x00000289a37ccfb0 GCTaskThread "GC Thread#0" [stack: 0x000000ee5b200000,0x000000ee5b300000] [id=31708]
  0x00000289c276f250 GCTaskThread "GC Thread#1" [stack: 0x000000ee5c500000,0x000000ee5c600000] [id=16360]
  0x00000289c2182380 GCTaskThread "GC Thread#2" [stack: 0x000000ee5c600000,0x000000ee5c700000] [id=17232]
  0x00000289c2bb1750 GCTaskThread "GC Thread#3" [stack: 0x000000ee5c700000,0x000000ee5c800000] [id=29896]
  0x00000289c2bb1a60 GCTaskThread "GC Thread#4" [stack: 0x000000ee5c800000,0x000000ee5c900000] [id=33008]
  0x00000289c28b5370 GCTaskThread "GC Thread#5" [stack: 0x000000ee5c900000,0x000000ee5ca00000] [id=27792]
  0x00000289c325c020 GCTaskThread "GC Thread#6" [stack: 0x000000ee5de00000,0x000000ee5df00000] [id=4220]
  0x00000289c5ac5a60 GCTaskThread "GC Thread#7" [stack: 0x000000ee5df00000,0x000000ee5e000000] [id=28352]
  0x00000289a37d1f90 ConcurrentGCThread "G1 Main Marker" [stack: 0x000000ee5b300000,0x000000ee5b400000] [id=31788]
  0x00000289a37d2920 ConcurrentGCThread "G1 Conc#0" [stack: 0x000000ee5b400000,0x000000ee5b500000] [id=3436]
  0x00000289c459f850 ConcurrentGCThread "G1 Conc#1" [stack: 0x000000ee5e000000,0x000000ee5e100000] [id=32996]
  0x00000289a387d650 ConcurrentGCThread "G1 Refine#0" [stack: 0x000000ee5b500000,0x000000ee5b600000] [id=14164]
  0x00000289c87fa720 ConcurrentGCThread "G1 Refine#1" [stack: 0x000000ee60000000,0x000000ee60100000] [id=30908]
  0x00000289c87faa60 ConcurrentGCThread "G1 Refine#2" [stack: 0x000000ee60100000,0x000000ee60200000] [id=8596]
  0x00000289c87f93a0 ConcurrentGCThread "G1 Refine#3" [stack: 0x000000ee60200000,0x000000ee60300000] [id=9128]
  0x00000289c87f96e0 ConcurrentGCThread "G1 Refine#4" [stack: 0x000000ee60300000,0x000000ee60400000] [id=27524]
  0x00000289c55458e0 ConcurrentGCThread "G1 Refine#5" [stack: 0x000000ee60400000,0x000000ee60500000] [id=30980]
  0x00000289c55472e0 ConcurrentGCThread "G1 Refine#6" [stack: 0x000000ee60500000,0x000000ee60600000] [id=28156]
  0x00000289c5546920 ConcurrentGCThread "G1 Refine#7" [stack: 0x000000ee60600000,0x000000ee60700000] [id=12568]
  0x00000289a387dff0 ConcurrentGCThread "G1 Service" [stack: 0x000000ee5b600000,0x000000ee5b700000] [id=15924]

Threads with active compile tasks:
C2 CompilerThread0  56887027 16081       4       org.gradle.internal.service.DefaultServiceRegistry$OwnServices$ProviderAnalyser::analyseType (114 bytes)

VM state: not at safepoint (normal execution)

VM Mutex/Monitor currently owned by a thread: None

Heap address: 0x00000000e0000000, size: 512 MB, Compressed Oops mode: 32-bit

CDS archive(s) mapped at: [0x0000000800000000-0x0000000800be0000-0x0000000800be0000), size 12451840, SharedBaseAddress: 0x0000000800000000, ArchiveRelocationMode: 0.
Compressed class space mapped at: 0x0000000800c00000-0x000000080dc00000, reserved size: 218103808
Narrow klass base: 0x0000000800000000, Narrow klass shift: 3, Narrow klass range: 0x100000000

GC Precious Log:
 CPUs: 8 total, 8 available
 Memory: 16129M
 Large Page Support: Disabled
 NUMA Support: Disabled
 Compressed Oops: Enabled (32-bit)
 Heap Region Size: 1M
 Heap Min Capacity: 256M
 Heap Initial Capacity: 256M
 Heap Max Capacity: 512M
 Pre-touch: Disabled
 Parallel Workers: 8
 Concurrent Workers: 2
 Concurrent Refinement Workers: 8
 Periodic GC: Disabled

Heap:
 garbage-first heap   total 262144K, used 128178K [0x00000000e0000000, 0x0000000100000000)
  region size 1024K, 16 young (16384K), 1 survivors (1024K)
 Metaspace       used 70367K, committed 71360K, reserved 278528K
  class space    used 8985K, committed 9472K, reserved 212992K

Heap Regions: E=young(eden), S=young(survivor), O=old, HS=humongous(starts), HC=humongous(continues), CS=collection set, F=free, OA=open archive, CA=closed archive, TAMS=top-at-mark-start (previous, next)
|   0|0x00000000e0000000, 0x00000000e0100000, 0x00000000e0100000|100%| O|  |TAMS 0x00000000e0100000, 0x00000000e0000000| Untracked 
|   1|0x00000000e0100000, 0x00000000e0200000, 0x00000000e0200000|100%| O|  |TAMS 0x00000000e0200000, 0x00000000e0100000| Untracked 
|   2|0x00000000e0200000, 0x00000000e0300000, 0x00000000e0300000|100%| O|  |TAMS 0x00000000e0300000, 0x00000000e0200000| Untracked 
|   3|0x00000000e0300000, 0x00000000e0400000, 0x00000000e0400000|100%|HS|  |TAMS 0x00000000e0400000, 0x00000000e0300000| Complete 
|   4|0x00000000e0400000, 0x00000000e0500000, 0x00000000e0500000|100%|HC|  |TAMS 0x00000000e0500000, 0x00000000e0400000| Complete 
|   5|0x00000000e0500000, 0x00000000e0600000, 0x00000000e0600000|100%|HC|  |TAMS 0x00000000e0600000, 0x00000000e0500000| Complete 
|   6|0x00000000e0600000, 0x00000000e0700000, 0x00000000e0700000|100%| O|  |TAMS 0x00000000e0700000, 0x00000000e0600000| Untracked 
|   7|0x00000000e0700000, 0x00000000e0800000, 0x00000000e0800000|100%| O|  |TAMS 0x00000000e0800000, 0x00000000e0700000| Untracked 
|   8|0x00000000e0800000, 0x00000000e0900000, 0x00000000e0900000|100%| O|  |TAMS 0x00000000e0900000, 0x00000000e0800000| Untracked 
|   9|0x00000000e0900000, 0x00000000e0a00000, 0x00000000e0a00000|100%| O|  |TAMS 0x00000000e0a00000, 0x00000000e0900000| Untracked 
|  10|0x00000000e0a00000, 0x00000000e0b00000, 0x00000000e0b00000|100%| O|  |TAMS 0x00000000e0b00000, 0x00000000e0a00000| Untracked 
|  11|0x00000000e0b00000, 0x00000000e0c00000, 0x00000000e0c00000|100%| O|  |TAMS 0x00000000e0c00000, 0x00000000e0b00000| Untracked 
|  12|0x00000000e0c00000, 0x00000000e0d00000, 0x00000000e0d00000|100%| O|  |TAMS 0x00000000e0d00000, 0x00000000e0c00000| Untracked 
|  13|0x00000000e0d00000, 0x00000000e0e00000, 0x00000000e0e00000|100%| O|  |TAMS 0x00000000e0e00000, 0x00000000e0d00000| Untracked 
|  14|0x00000000e0e00000, 0x00000000e0f00000, 0x00000000e0f00000|100%| O|  |TAMS 0x00000000e0f00000, 0x00000000e0e00000| Untracked 
|  15|0x00000000e0f00000, 0x00000000e1000000, 0x00000000e1000000|100%| O|  |TAMS 0x00000000e1000000, 0x00000000e0f00000| Untracked 
|  16|0x00000000e1000000, 0x00000000e1100000, 0x00000000e1100000|100%| O|  |TAMS 0x00000000e1100000, 0x00000000e1000000| Untracked 
|  17|0x00000000e1100000, 0x00000000e1200000, 0x00000000e1200000|100%| O|  |TAMS 0x00000000e1200000, 0x00000000e1100000| Untracked 
|  18|0x00000000e1200000, 0x00000000e1300000, 0x00000000e1300000|100%| O|  |TAMS 0x00000000e1300000, 0x00000000e1200000| Untracked 
|  19|0x00000000e1300000, 0x00000000e1400000, 0x00000000e1400000|100%| O|  |TAMS 0x00000000e1400000, 0x00000000e1300000| Untracked 
|  20|0x00000000e1400000, 0x00000000e1500000, 0x00000000e1500000|100%| O|  |TAMS 0x00000000e1500000, 0x00000000e1400000| Untracked 
|  21|0x00000000e1500000, 0x00000000e1600000, 0x00000000e1600000|100%| O|  |TAMS 0x00000000e1600000, 0x00000000e1500000| Untracked 
|  22|0x00000000e1600000, 0x00000000e1700000, 0x00000000e1700000|100%| O|  |TAMS 0x00000000e1700000, 0x00000000e1600000| Untracked 
|  23|0x00000000e1700000, 0x00000000e1800000, 0x00000000e1800000|100%| O|  |TAMS 0x00000000e1800000, 0x00000000e1700000| Untracked 
|  24|0x00000000e1800000, 0x00000000e1900000, 0x00000000e1900000|100%| O|  |TAMS 0x00000000e1900000, 0x00000000e1800000| Untracked 
|  25|0x00000000e1900000, 0x00000000e1a00000, 0x00000000e1a00000|100%| O|  |TAMS 0x00000000e1a00000, 0x00000000e1900000| Untracked 
|  26|0x00000000e1a00000, 0x00000000e1b00000, 0x00000000e1b00000|100%| O|  |TAMS 0x00000000e1b00000, 0x00000000e1a00000| Untracked 
|  27|0x00000000e1b00000, 0x00000000e1c00000, 0x00000000e1c00000|100%| O|  |TAMS 0x00000000e1c00000, 0x00000000e1b00000| Untracked 
|  28|0x00000000e1c00000, 0x00000000e1d00000, 0x00000000e1d00000|100%| O|  |TAMS 0x00000000e1d00000, 0x00000000e1c00000| Untracked 
|  29|0x00000000e1d00000, 0x00000000e1e00000, 0x00000000e1e00000|100%| O|  |TAMS 0x00000000e1e00000, 0x00000000e1d00000| Untracked 
|  30|0x00000000e1e00000, 0x00000000e1f00000, 0x00000000e1f00000|100%| O|  |TAMS 0x00000000e1f00000, 0x00000000e1e00000| Untracked 
|  31|0x00000000e1f00000, 0x00000000e2000000, 0x00000000e2000000|100%| O|  |TAMS 0x00000000e2000000, 0x00000000e1f00000| Untracked 
|  32|0x00000000e2000000, 0x00000000e2100000, 0x00000000e2100000|100%| O|  |TAMS 0x00000000e2100000, 0x00000000e2000000| Untracked 
|  33|0x00000000e2100000, 0x00000000e2200000, 0x00000000e2200000|100%| O|  |TAMS 0x00000000e2100000, 0x00000000e2100000| Untracked 
|  34|0x00000000e2200000, 0x00000000e2300000, 0x00000000e2300000|100%| O|  |TAMS 0x00000000e2300000, 0x00000000e2200000| Untracked 
|  35|0x00000000e2300000, 0x00000000e2400000, 0x00000000e2400000|100%| O|  |TAMS 0x00000000e2300000, 0x00000000e2300000| Untracked 
|  36|0x00000000e2400000, 0x00000000e2500000, 0x00000000e2500000|100%| O|  |TAMS 0x00000000e2500000, 0x00000000e2400000| Untracked 
|  37|0x00000000e2500000, 0x00000000e2600000, 0x00000000e2600000|100%| O|  |TAMS 0x00000000e2500000, 0x00000000e2500000| Untracked 
|  38|0x00000000e2600000, 0x00000000e2700000, 0x00000000e2700000|100%| O|  |TAMS 0x00000000e2600000, 0x00000000e2600000| Untracked 
|  39|0x00000000e2700000, 0x00000000e2800000, 0x00000000e2800000|100%| O|  |TAMS 0x00000000e2800000, 0x00000000e2700000| Untracked 
|  40|0x00000000e2800000, 0x00000000e2900000, 0x00000000e2900000|100%| O|  |TAMS 0x00000000e2800000, 0x00000000e2800000| Untracked 
|  41|0x00000000e2900000, 0x00000000e2a00000, 0x00000000e2a00000|100%| O|  |TAMS 0x00000000e2a00000, 0x00000000e2900000| Untracked 
|  42|0x00000000e2a00000, 0x00000000e2b00000, 0x00000000e2b00000|100%| O|  |TAMS 0x00000000e2a00000, 0x00000000e2a00000| Untracked 
|  43|0x00000000e2b00000, 0x00000000e2c00000, 0x00000000e2c00000|100%| O|  |TAMS 0x00000000e2b00000, 0x00000000e2b00000| Untracked 
|  44|0x00000000e2c00000, 0x00000000e2d00000, 0x00000000e2d00000|100%| O|  |TAMS 0x00000000e2c00000, 0x00000000e2c00000| Untracked 
|  45|0x00000000e2d00000, 0x00000000e2e00000, 0x00000000e2e00000|100%| O|  |TAMS 0x00000000e2d00000, 0x00000000e2d00000| Untracked 
|  46|0x00000000e2e00000, 0x00000000e2f00000, 0x00000000e2f00000|100%| O|  |TAMS 0x00000000e2e00000, 0x00000000e2e00000| Untracked 
|  47|0x00000000e2f00000, 0x00000000e3000000, 0x00000000e3000000|100%| O|  |TAMS 0x00000000e2f00000, 0x00000000e2f00000| Untracked 
|  48|0x00000000e3000000, 0x00000000e3100000, 0x00000000e3100000|100%| O|  |TAMS 0x00000000e3000000, 0x00000000e3000000| Untracked 
|  49|0x00000000e3100000, 0x00000000e3200000, 0x00000000e3200000|100%| O|  |TAMS 0x00000000e3100000, 0x00000000e3100000| Untracked 
|  50|0x00000000e3200000, 0x00000000e3300000, 0x00000000e3300000|100%| O|  |TAMS 0x00000000e3300000, 0x00000000e3200000| Untracked 
|  51|0x00000000e3300000, 0x00000000e3400000, 0x00000000e3400000|100%| O|  |TAMS 0x00000000e3400000, 0x00000000e3300000| Untracked 
|  52|0x00000000e3400000, 0x00000000e3500000, 0x00000000e3500000|100%| O|  |TAMS 0x00000000e3400000, 0x00000000e3400000| Untracked 
|  53|0x00000000e3500000, 0x00000000e3600000, 0x00000000e3600000|100%| O|  |TAMS 0x00000000e3500000, 0x00000000e3500000| Untracked 
|  54|0x00000000e3600000, 0x00000000e3700000, 0x00000000e3700000|100%| O|  |TAMS 0x00000000e3700000, 0x00000000e3600000| Untracked 
|  55|0x00000000e3700000, 0x00000000e3800000, 0x00000000e3800000|100%| O|  |TAMS 0x00000000e3700000, 0x00000000e3700000| Untracked 
|  56|0x00000000e3800000, 0x00000000e3900000, 0x00000000e3900000|100%| O|  |TAMS 0x00000000e3900000, 0x00000000e3800000| Untracked 
|  57|0x00000000e3900000, 0x00000000e3a00000, 0x00000000e3a00000|100%| O|  |TAMS 0x00000000e3a00000, 0x00000000e3900000| Untracked 
|  58|0x00000000e3a00000, 0x00000000e3b00000, 0x00000000e3b00000|100%| O|  |TAMS 0x00000000e3b00000, 0x00000000e3a00000| Untracked 
|  59|0x00000000e3b00000, 0x00000000e3c00000, 0x00000000e3c00000|100%| O|  |TAMS 0x00000000e3b00000, 0x00000000e3b00000| Untracked 
|  60|0x00000000e3c00000, 0x00000000e3d00000, 0x00000000e3d00000|100%| O|  |TAMS 0x00000000e3c00000, 0x00000000e3c00000| Untracked 
|  61|0x00000000e3d00000, 0x00000000e3e00000, 0x00000000e3e00000|100%| O|  |TAMS 0x00000000e3d00000, 0x00000000e3d00000| Untracked 
|  62|0x00000000e3e00000, 0x00000000e3f00000, 0x00000000e3f00000|100%| O|  |TAMS 0x00000000e3e00000, 0x00000000e3e00000| Untracked 
|  63|0x00000000e3f00000, 0x00000000e4000000, 0x00000000e4000000|100%| O|  |TAMS 0x00000000e3f00000, 0x00000000e3f00000| Untracked 
|  64|0x00000000e4000000, 0x00000000e4100000, 0x00000000e4100000|100%| O|  |TAMS 0x00000000e4000000, 0x00000000e4000000| Untracked 
|  65|0x00000000e4100000, 0x00000000e4200000, 0x00000000e4200000|100%| O|  |TAMS 0x00000000e4100000, 0x00000000e4100000| Untracked 
|  66|0x00000000e4200000, 0x00000000e4300000, 0x00000000e4300000|100%| O|  |TAMS 0x00000000e4200000, 0x00000000e4200000| Untracked 
|  67|0x00000000e4300000, 0x00000000e4400000, 0x00000000e4400000|100%| O|  |TAMS 0x00000000e4300000, 0x00000000e4300000| Untracked 
|  68|0x00000000e4400000, 0x00000000e4500000, 0x00000000e4500000|100%| O|  |TAMS 0x00000000e4500000, 0x00000000e4400000| Untracked 
|  69|0x00000000e4500000, 0x00000000e4600000, 0x00000000e4600000|100%| O|  |TAMS 0x00000000e4500000, 0x00000000e4500000| Untracked 
|  70|0x00000000e4600000, 0x00000000e4700000, 0x00000000e4700000|100%| O|  |TAMS 0x00000000e4600000, 0x00000000e4600000| Untracked 
|  71|0x00000000e4700000, 0x00000000e4800000, 0x00000000e4800000|100%| O|  |TAMS 0x00000000e4700000, 0x00000000e4700000| Untracked 
|  72|0x00000000e4800000, 0x00000000e4900000, 0x00000000e4900000|100%| O|  |TAMS 0x00000000e4800000, 0x00000000e4800000| Untracked 
|  73|0x00000000e4900000, 0x00000000e4a00000, 0x00000000e4a00000|100%| O|  |TAMS 0x00000000e4900000, 0x00000000e4900000| Untracked 
|  74|0x00000000e4a00000, 0x00000000e4b00000, 0x00000000e4b00000|100%| O|  |TAMS 0x00000000e4a00000, 0x00000000e4a00000| Untracked 
|  75|0x00000000e4b00000, 0x00000000e4c00000, 0x00000000e4c00000|100%| O|  |TAMS 0x00000000e4b00000, 0x00000000e4b00000| Untracked 
|  76|0x00000000e4c00000, 0x00000000e4d00000, 0x00000000e4d00000|100%| O|  |TAMS 0x00000000e4d00000, 0x00000000e4c00000| Untracked 
|  77|0x00000000e4d00000, 0x00000000e4e00000, 0x00000000e4e00000|100%| O|  |TAMS 0x00000000e4e00000, 0x00000000e4d00000| Untracked 
|  78|0x00000000e4e00000, 0x00000000e4f00000, 0x00000000e4f00000|100%| O|  |TAMS 0x00000000e4e00000, 0x00000000e4e00000| Untracked 
|  79|0x00000000e4f00000, 0x00000000e5000000, 0x00000000e5000000|100%| O|  |TAMS 0x00000000e4f00000, 0x00000000e4f00000| Untracked 
|  80|0x00000000e5000000, 0x00000000e5100000, 0x00000000e5100000|100%| O|  |TAMS 0x00000000e5000000, 0x00000000e5000000| Untracked 
|  81|0x00000000e5100000, 0x00000000e5200000, 0x00000000e5200000|100%| O|  |TAMS 0x00000000e5100000, 0x00000000e5100000| Untracked 
|  82|0x00000000e5200000, 0x00000000e5300000, 0x00000000e5300000|100%| O|  |TAMS 0x00000000e5200000, 0x00000000e5200000| Untracked 
|  83|0x00000000e5300000, 0x00000000e5400000, 0x00000000e5400000|100%| O|  |TAMS 0x00000000e5300000, 0x00000000e5300000| Untracked 
|  84|0x00000000e5400000, 0x00000000e5500000, 0x00000000e5500000|100%| O|  |TAMS 0x00000000e5400000, 0x00000000e5400000| Untracked 
|  85|0x00000000e5500000, 0x00000000e5600000, 0x00000000e5600000|100%| O|  |TAMS 0x00000000e5500000, 0x00000000e5500000| Untracked 
|  86|0x00000000e5600000, 0x00000000e5700000, 0x00000000e5700000|100%| O|  |TAMS 0x00000000e5600000, 0x00000000e5600000| Untracked 
|  87|0x00000000e5700000, 0x00000000e5800000, 0x00000000e5800000|100%| O|  |TAMS 0x00000000e5700000, 0x00000000e5700000| Untracked 
|  88|0x00000000e5800000, 0x00000000e5900000, 0x00000000e5900000|100%| O|  |TAMS 0x00000000e5800000, 0x00000000e5800000| Untracked 
|  89|0x00000000e5900000, 0x00000000e5a00000, 0x00000000e5a00000|100%| O|  |TAMS 0x00000000e5900000, 0x00000000e5900000| Untracked 
|  90|0x00000000e5a00000, 0x00000000e5b00000, 0x00000000e5b00000|100%| O|  |TAMS 0x00000000e5a00000, 0x00000000e5a00000| Untracked 
|  91|0x00000000e5b00000, 0x00000000e5c00000, 0x00000000e5c00000|100%| O|  |TAMS 0x00000000e5b00000, 0x00000000e5b00000| Untracked 
|  92|0x00000000e5c00000, 0x00000000e5c8f400, 0x00000000e5d00000| 55%| O|  |TAMS 0x00000000e5c00000, 0x00000000e5c00000| Untracked 
|  93|0x00000000e5d00000, 0x00000000e5d00000, 0x00000000e5e00000|  0%| F|  |TAMS 0x00000000e5d00000, 0x00000000e5d00000| Untracked 
|  94|0x00000000e5e00000, 0x00000000e5e00000, 0x00000000e5f00000|  0%| F|  |TAMS 0x00000000e5e00000, 0x00000000e5e00000| Untracked 
|  95|0x00000000e5f00000, 0x00000000e5f00000, 0x00000000e6000000|  0%| F|  |TAMS 0x00000000e5f00000, 0x00000000e5f00000| Untracked 
|  96|0x00000000e6000000, 0x00000000e6000000, 0x00000000e6100000|  0%| F|  |TAMS 0x00000000e6000000, 0x00000000e6000000| Untracked 
|  97|0x00000000e6100000, 0x00000000e6100000, 0x00000000e6200000|  0%| F|  |TAMS 0x00000000e6100000, 0x00000000e6100000| Untracked 
|  98|0x00000000e6200000, 0x00000000e6300000, 0x00000000e6300000|100%| O|  |TAMS 0x00000000e6300000, 0x00000000e6200000| Untracked 
|  99|0x00000000e6300000, 0x00000000e6400000, 0x00000000e6400000|100%| O|  |TAMS 0x00000000e6400000, 0x00000000e6300000| Untracked 
| 100|0x00000000e6400000, 0x00000000e6500000, 0x00000000e6500000|100%| O|  |TAMS 0x00000000e6500000, 0x00000000e6400000| Untracked 
| 101|0x00000000e6500000, 0x00000000e6600000, 0x00000000e6600000|100%| O|  |TAMS 0x00000000e6600000, 0x00000000e6500000| Untracked 
| 102|0x00000000e6600000, 0x00000000e6700000, 0x00000000e6700000|100%| O|  |TAMS 0x00000000e6700000, 0x00000000e6600000| Untracked 
| 103|0x00000000e6700000, 0x00000000e6800000, 0x00000000e6800000|100%| O|  |TAMS 0x00000000e6800000, 0x00000000e6700000| Untracked 
| 104|0x00000000e6800000, 0x00000000e6900000, 0x00000000e6900000|100%| O|  |TAMS 0x00000000e6900000, 0x00000000e6800000| Untracked 
| 105|0x00000000e6900000, 0x00000000e6a00000, 0x00000000e6a00000|100%| O|  |TAMS 0x00000000e6a00000, 0x00000000e6900000| Untracked 
| 106|0x00000000e6a00000, 0x00000000e6a00000, 0x00000000e6b00000|  0%| F|  |TAMS 0x00000000e6a00000, 0x00000000e6a00000| Untracked 
| 107|0x00000000e6b00000, 0x00000000e6b00000, 0x00000000e6c00000|  0%| F|  |TAMS 0x00000000e6b00000, 0x00000000e6b00000| Untracked 
| 108|0x00000000e6c00000, 0x00000000e6c00000, 0x00000000e6d00000|  0%| F|  |TAMS 0x00000000e6c00000, 0x00000000e6c00000| Untracked 
| 109|0x00000000e6d00000, 0x00000000e6d00000, 0x00000000e6e00000|  0%| F|  |TAMS 0x00000000e6d00000, 0x00000000e6d00000| Untracked 
| 110|0x00000000e6e00000, 0x00000000e6e00000, 0x00000000e6f00000|  0%| F|  |TAMS 0x00000000e6e00000, 0x00000000e6e00000| Untracked 
| 111|0x00000000e6f00000, 0x00000000e6f00000, 0x00000000e7000000|  0%| F|  |TAMS 0x00000000e6f00000, 0x00000000e6f00000| Untracked 
| 112|0x00000000e7000000, 0x00000000e7100000, 0x00000000e7100000|100%| O|  |TAMS 0x00000000e7100000, 0x00000000e7000000| Untracked 
| 113|0x00000000e7100000, 0x00000000e7200000, 0x00000000e7200000|100%| O|  |TAMS 0x00000000e7200000, 0x00000000e7100000| Untracked 
| 114|0x00000000e7200000, 0x00000000e7200000, 0x00000000e7300000|  0%| F|  |TAMS 0x00000000e7200000, 0x00000000e7200000| Untracked 
| 115|0x00000000e7300000, 0x00000000e7400000, 0x00000000e7400000|100%| O|  |TAMS 0x00000000e7400000, 0x00000000e7300000| Untracked 
| 116|0x00000000e7400000, 0x00000000e7500000, 0x00000000e7500000|100%| O|  |TAMS 0x00000000e7500000, 0x00000000e7400000| Untracked 
| 117|0x00000000e7500000, 0x00000000e7600000, 0x00000000e7600000|100%| O|  |TAMS 0x00000000e7600000, 0x00000000e7500000| Untracked 
| 118|0x00000000e7600000, 0x00000000e7700000, 0x00000000e7700000|100%| O|  |TAMS 0x00000000e7700000, 0x00000000e7600000| Untracked 
| 119|0x00000000e7700000, 0x00000000e7800000, 0x00000000e7800000|100%| O|  |TAMS 0x00000000e7800000, 0x00000000e7700000| Untracked 
| 120|0x00000000e7800000, 0x00000000e7900000, 0x00000000e7900000|100%| O|  |TAMS 0x00000000e7900000, 0x00000000e7800000| Untracked 
| 121|0x00000000e7900000, 0x00000000e7a00000, 0x00000000e7a00000|100%| O|  |TAMS 0x00000000e7a00000, 0x00000000e7900000| Untracked 
| 122|0x00000000e7a00000, 0x00000000e7a00000, 0x00000000e7b00000|  0%| F|  |TAMS 0x00000000e7a00000, 0x00000000e7a00000| Untracked 
| 123|0x00000000e7b00000, 0x00000000e7b00000, 0x00000000e7c00000|  0%| F|  |TAMS 0x00000000e7b00000, 0x00000000e7b00000| Untracked 
| 124|0x00000000e7c00000, 0x00000000e7c00000, 0x00000000e7d00000|  0%| F|  |TAMS 0x00000000e7c00000, 0x00000000e7c00000| Untracked 
| 125|0x00000000e7d00000, 0x00000000e7d00000, 0x00000000e7e00000|  0%| F|  |TAMS 0x00000000e7d00000, 0x00000000e7d00000| Untracked 
| 126|0x00000000e7e00000, 0x00000000e7f00000, 0x00000000e7f00000|100%| O|  |TAMS 0x00000000e7ef5200, 0x00000000e7e00000| Untracked 
| 127|0x00000000e7f00000, 0x00000000e7f00000, 0x00000000e8000000|  0%| F|  |TAMS 0x00000000e7f00000, 0x00000000e7f00000| Untracked 
| 128|0x00000000e8000000, 0x00000000e8000000, 0x00000000e8100000|  0%| F|  |TAMS 0x00000000e8000000, 0x00000000e8000000| Untracked 
| 129|0x00000000e8100000, 0x00000000e8100000, 0x00000000e8200000|  0%| F|  |TAMS 0x00000000e8100000, 0x00000000e8100000| Untracked 
| 130|0x00000000e8200000, 0x00000000e8200000, 0x00000000e8300000|  0%| F|  |TAMS 0x00000000e8200000, 0x00000000e8200000| Untracked 
| 131|0x00000000e8300000, 0x00000000e8300000, 0x00000000e8400000|  0%| F|  |TAMS 0x00000000e8300000, 0x00000000e8300000| Untracked 
| 132|0x00000000e8400000, 0x00000000e8400000, 0x00000000e8500000|  0%| F|  |TAMS 0x00000000e8400000, 0x00000000e8400000| Untracked 
| 133|0x00000000e8500000, 0x00000000e8500000, 0x00000000e8600000|  0%| F|  |TAMS 0x00000000e8500000, 0x00000000e8500000| Untracked 
| 134|0x00000000e8600000, 0x00000000e8600000, 0x00000000e8700000|  0%| F|  |TAMS 0x00000000e8600000, 0x00000000e8600000| Untracked 
| 135|0x00000000e8700000, 0x00000000e8700000, 0x00000000e8800000|  0%| F|  |TAMS 0x00000000e8700000, 0x00000000e8700000| Untracked 
| 136|0x00000000e8800000, 0x00000000e8800000, 0x00000000e8900000|  0%| F|  |TAMS 0x00000000e8800000, 0x00000000e8800000| Untracked 
| 137|0x00000000e8900000, 0x00000000e8900000, 0x00000000e8a00000|  0%| F|  |TAMS 0x00000000e8900000, 0x00000000e8900000| Untracked 
| 138|0x00000000e8a00000, 0x00000000e8a00000, 0x00000000e8b00000|  0%| F|  |TAMS 0x00000000e8a00000, 0x00000000e8a00000| Untracked 
| 139|0x00000000e8b00000, 0x00000000e8b00000, 0x00000000e8c00000|  0%| F|  |TAMS 0x00000000e8b00000, 0x00000000e8b00000| Untracked 
| 140|0x00000000e8c00000, 0x00000000e8c00000, 0x00000000e8d00000|  0%| F|  |TAMS 0x00000000e8c00000, 0x00000000e8c00000| Untracked 
| 141|0x00000000e8d00000, 0x00000000e8d9d478, 0x00000000e8e00000| 61%| S|CS|TAMS 0x00000000e8d00000, 0x00000000e8d00000| Complete 
| 142|0x00000000e8e00000, 0x00000000e8e00000, 0x00000000e8f00000|  0%| F|  |TAMS 0x00000000e8e00000, 0x00000000e8e00000| Untracked 
| 143|0x00000000e8f00000, 0x00000000e8f00000, 0x00000000e9000000|  0%| F|  |TAMS 0x00000000e8f00000, 0x00000000e8f00000| Untracked 
| 144|0x00000000e9000000, 0x00000000e9000000, 0x00000000e9100000|  0%| F|  |TAMS 0x00000000e9000000, 0x00000000e9000000| Untracked 
| 145|0x00000000e9100000, 0x00000000e9100000, 0x00000000e9200000|  0%| F|  |TAMS 0x00000000e9100000, 0x00000000e9100000| Untracked 
| 146|0x00000000e9200000, 0x00000000e9200000, 0x00000000e9300000|  0%| F|  |TAMS 0x00000000e9200000, 0x00000000e9200000| Untracked 
| 147|0x00000000e9300000, 0x00000000e9300000, 0x00000000e9400000|  0%| F|  |TAMS 0x00000000e9300000, 0x00000000e9300000| Untracked 
| 148|0x00000000e9400000, 0x00000000e9400000, 0x00000000e9500000|  0%| F|  |TAMS 0x00000000e9400000, 0x00000000e9400000| Untracked 
| 149|0x00000000e9500000, 0x00000000e9500000, 0x00000000e9600000|  0%| F|  |TAMS 0x00000000e9500000, 0x00000000e9500000| Untracked 
| 150|0x00000000e9600000, 0x00000000e9600000, 0x00000000e9700000|  0%| F|  |TAMS 0x00000000e9600000, 0x00000000e9600000| Untracked 
| 151|0x00000000e9700000, 0x00000000e9700000, 0x00000000e9800000|  0%| F|  |TAMS 0x00000000e9700000, 0x00000000e9700000| Untracked 
| 152|0x00000000e9800000, 0x00000000e9800000, 0x00000000e9900000|  0%| F|  |TAMS 0x00000000e9800000, 0x00000000e9800000| Untracked 
| 153|0x00000000e9900000, 0x00000000e9900000, 0x00000000e9a00000|  0%| F|  |TAMS 0x00000000e9900000, 0x00000000e9900000| Untracked 
| 154|0x00000000e9a00000, 0x00000000e9a00000, 0x00000000e9b00000|  0%| F|  |TAMS 0x00000000e9a00000, 0x00000000e9a00000| Untracked 
| 155|0x00000000e9b00000, 0x00000000e9b00000, 0x00000000e9c00000|  0%| F|  |TAMS 0x00000000e9b00000, 0x00000000e9b00000| Untracked 
| 156|0x00000000e9c00000, 0x00000000e9c00000, 0x00000000e9d00000|  0%| F|  |TAMS 0x00000000e9c00000, 0x00000000e9c00000| Untracked 
| 157|0x00000000e9d00000, 0x00000000e9d00000, 0x00000000e9e00000|  0%| F|  |TAMS 0x00000000e9d00000, 0x00000000e9d00000| Untracked 
| 158|0x00000000e9e00000, 0x00000000e9e00000, 0x00000000e9f00000|  0%| F|  |TAMS 0x00000000e9e00000, 0x00000000e9e00000| Untracked 
| 159|0x00000000e9f00000, 0x00000000e9f00000, 0x00000000ea000000|  0%| F|  |TAMS 0x00000000e9f00000, 0x00000000e9f00000| Untracked 
| 160|0x00000000ea000000, 0x00000000ea000000, 0x00000000ea100000|  0%| F|  |TAMS 0x00000000ea000000, 0x00000000ea000000| Untracked 
| 161|0x00000000ea100000, 0x00000000ea100000, 0x00000000ea200000|  0%| F|  |TAMS 0x00000000ea100000, 0x00000000ea100000| Untracked 
| 162|0x00000000ea200000, 0x00000000ea200000, 0x00000000ea300000|  0%| F|  |TAMS 0x00000000ea200000, 0x00000000ea200000| Untracked 
| 163|0x00000000ea300000, 0x00000000ea300000, 0x00000000ea400000|  0%| F|  |TAMS 0x00000000ea300000, 0x00000000ea300000| Untracked 
| 164|0x00000000ea400000, 0x00000000ea400000, 0x00000000ea500000|  0%| F|  |TAMS 0x00000000ea400000, 0x00000000ea400000| Untracked 
| 165|0x00000000ea500000, 0x00000000ea500000, 0x00000000ea600000|  0%| F|  |TAMS 0x00000000ea500000, 0x00000000ea500000| Untracked 
| 166|0x00000000ea600000, 0x00000000ea600000, 0x00000000ea700000|  0%| F|  |TAMS 0x00000000ea600000, 0x00000000ea600000| Untracked 
| 167|0x00000000ea700000, 0x00000000ea700000, 0x00000000ea800000|  0%| F|  |TAMS 0x00000000ea700000, 0x00000000ea700000| Untracked 
| 168|0x00000000ea800000, 0x00000000ea800000, 0x00000000ea900000|  0%| F|  |TAMS 0x00000000ea800000, 0x00000000ea800000| Untracked 
| 169|0x00000000ea900000, 0x00000000ea900000, 0x00000000eaa00000|  0%| F|  |TAMS 0x00000000ea900000, 0x00000000ea900000| Untracked 
| 170|0x00000000eaa00000, 0x00000000eaa00000, 0x00000000eab00000|  0%| F|  |TAMS 0x00000000eaa00000, 0x00000000eaa00000| Untracked 
| 171|0x00000000eab00000, 0x00000000eab00000, 0x00000000eac00000|  0%| F|  |TAMS 0x00000000eab00000, 0x00000000eab00000| Untracked 
| 172|0x00000000eac00000, 0x00000000eac00000, 0x00000000ead00000|  0%| F|  |TAMS 0x00000000eac00000, 0x00000000eac00000| Untracked 
| 173|0x00000000ead00000, 0x00000000ead00000, 0x00000000eae00000|  0%| F|  |TAMS 0x00000000ead00000, 0x00000000ead00000| Untracked 
| 174|0x00000000eae00000, 0x00000000eae00000, 0x00000000eaf00000|  0%| F|  |TAMS 0x00000000eae00000, 0x00000000eae00000| Untracked 
| 175|0x00000000eaf00000, 0x00000000eaf00000, 0x00000000eb000000|  0%| F|  |TAMS 0x00000000eaf00000, 0x00000000eaf00000| Untracked 
| 176|0x00000000eb000000, 0x00000000eb000000, 0x00000000eb100000|  0%| F|  |TAMS 0x00000000eb000000, 0x00000000eb000000| Untracked 
| 177|0x00000000eb100000, 0x00000000eb100000, 0x00000000eb200000|  0%| F|  |TAMS 0x00000000eb100000, 0x00000000eb100000| Untracked 
| 178|0x00000000eb200000, 0x00000000eb200000, 0x00000000eb300000|  0%| F|  |TAMS 0x00000000eb200000, 0x00000000eb200000| Untracked 
| 179|0x00000000eb300000, 0x00000000eb300000, 0x00000000eb400000|  0%| F|  |TAMS 0x00000000eb300000, 0x00000000eb300000| Untracked 
| 180|0x00000000eb400000, 0x00000000eb400000, 0x00000000eb500000|  0%| F|  |TAMS 0x00000000eb400000, 0x00000000eb400000| Untracked 
| 181|0x00000000eb500000, 0x00000000eb500000, 0x00000000eb600000|  0%| F|  |TAMS 0x00000000eb500000, 0x00000000eb500000| Untracked 
| 182|0x00000000eb600000, 0x00000000eb600000, 0x00000000eb700000|  0%| F|  |TAMS 0x00000000eb600000, 0x00000000eb600000| Untracked 
| 183|0x00000000eb700000, 0x00000000eb700000, 0x00000000eb800000|  0%| F|  |TAMS 0x00000000eb700000, 0x00000000eb700000| Untracked 
| 184|0x00000000eb800000, 0x00000000eb800000, 0x00000000eb900000|  0%| F|  |TAMS 0x00000000eb800000, 0x00000000eb800000| Untracked 
| 185|0x00000000eb900000, 0x00000000eb900000, 0x00000000eba00000|  0%| F|  |TAMS 0x00000000eb900000, 0x00000000eb900000| Untracked 
| 186|0x00000000eba00000, 0x00000000eba00000, 0x00000000ebb00000|  0%| F|  |TAMS 0x00000000eba00000, 0x00000000eba00000| Untracked 
| 187|0x00000000ebb00000, 0x00000000ebb00000, 0x00000000ebc00000|  0%| F|  |TAMS 0x00000000ebb00000, 0x00000000ebb00000| Untracked 
| 188|0x00000000ebc00000, 0x00000000ebc00000, 0x00000000ebd00000|  0%| F|  |TAMS 0x00000000ebc00000, 0x00000000ebc00000| Untracked 
| 189|0x00000000ebd00000, 0x00000000ebd00000, 0x00000000ebe00000|  0%| F|  |TAMS 0x00000000ebd00000, 0x00000000ebd00000| Untracked 
| 190|0x00000000ebe00000, 0x00000000ebe00000, 0x00000000ebf00000|  0%| F|  |TAMS 0x00000000ebe00000, 0x00000000ebe00000| Untracked 
| 191|0x00000000ebf00000, 0x00000000ebf00000, 0x00000000ec000000|  0%| F|  |TAMS 0x00000000ebf00000, 0x00000000ebf00000| Untracked 
| 192|0x00000000ec000000, 0x00000000ec000000, 0x00000000ec100000|  0%| F|  |TAMS 0x00000000ec000000, 0x00000000ec000000| Untracked 
| 193|0x00000000ec100000, 0x00000000ec100000, 0x00000000ec200000|  0%| F|  |TAMS 0x00000000ec100000, 0x00000000ec100000| Untracked 
| 194|0x00000000ec200000, 0x00000000ec200000, 0x00000000ec300000|  0%| F|  |TAMS 0x00000000ec200000, 0x00000000ec200000| Untracked 
| 195|0x00000000ec300000, 0x00000000ec300000, 0x00000000ec400000|  0%| F|  |TAMS 0x00000000ec300000, 0x00000000ec300000| Untracked 
| 196|0x00000000ec400000, 0x00000000ec400000, 0x00000000ec500000|  0%| F|  |TAMS 0x00000000ec400000, 0x00000000ec400000| Untracked 
| 197|0x00000000ec500000, 0x00000000ec500000, 0x00000000ec600000|  0%| F|  |TAMS 0x00000000ec500000, 0x00000000ec500000| Untracked 
| 198|0x00000000ec600000, 0x00000000ec600000, 0x00000000ec700000|  0%| F|  |TAMS 0x00000000ec600000, 0x00000000ec600000| Untracked 
| 199|0x00000000ec700000, 0x00000000ec700000, 0x00000000ec800000|  0%| F|  |TAMS 0x00000000ec700000, 0x00000000ec700000| Untracked 
| 200|0x00000000ec800000, 0x00000000ec800000, 0x00000000ec900000|  0%| F|  |TAMS 0x00000000ec800000, 0x00000000ec800000| Untracked 
| 201|0x00000000ec900000, 0x00000000ec900000, 0x00000000eca00000|  0%| F|  |TAMS 0x00000000ec900000, 0x00000000ec900000| Untracked 
| 202|0x00000000eca00000, 0x00000000eca00000, 0x00000000ecb00000|  0%| F|  |TAMS 0x00000000eca00000, 0x00000000eca00000| Untracked 
| 203|0x00000000ecb00000, 0x00000000ecb00000, 0x00000000ecc00000|  0%| F|  |TAMS 0x00000000ecb00000, 0x00000000ecb00000| Untracked 
| 204|0x00000000ecc00000, 0x00000000ecc00000, 0x00000000ecd00000|  0%| F|  |TAMS 0x00000000ecc00000, 0x00000000ecc00000| Untracked 
| 205|0x00000000ecd00000, 0x00000000ecd00000, 0x00000000ece00000|  0%| F|  |TAMS 0x00000000ecd00000, 0x00000000ecd00000| Untracked 
| 206|0x00000000ece00000, 0x00000000ece00000, 0x00000000ecf00000|  0%| F|  |TAMS 0x00000000ece00000, 0x00000000ece00000| Untracked 
| 207|0x00000000ecf00000, 0x00000000ecf00000, 0x00000000ed000000|  0%| F|  |TAMS 0x00000000ecf00000, 0x00000000ecf00000| Untracked 
| 208|0x00000000ed000000, 0x00000000ed000000, 0x00000000ed100000|  0%| F|  |TAMS 0x00000000ed000000, 0x00000000ed000000| Untracked 
| 209|0x00000000ed100000, 0x00000000ed100000, 0x00000000ed200000|  0%| F|  |TAMS 0x00000000ed100000, 0x00000000ed100000| Untracked 
| 210|0x00000000ed200000, 0x00000000ed200000, 0x00000000ed300000|  0%| F|  |TAMS 0x00000000ed200000, 0x00000000ed200000| Untracked 
| 211|0x00000000ed300000, 0x00000000ed300000, 0x00000000ed400000|  0%| F|  |TAMS 0x00000000ed300000, 0x00000000ed300000| Untracked 
| 212|0x00000000ed400000, 0x00000000ed400000, 0x00000000ed500000|  0%| F|  |TAMS 0x00000000ed400000, 0x00000000ed400000| Untracked 
| 213|0x00000000ed500000, 0x00000000ed500000, 0x00000000ed600000|  0%| F|  |TAMS 0x00000000ed500000, 0x00000000ed500000| Untracked 
| 214|0x00000000ed600000, 0x00000000ed600000, 0x00000000ed700000|  0%| F|  |TAMS 0x00000000ed600000, 0x00000000ed600000| Untracked 
| 215|0x00000000ed700000, 0x00000000ed700000, 0x00000000ed800000|  0%| F|  |TAMS 0x00000000ed700000, 0x00000000ed700000| Untracked 
| 216|0x00000000ed800000, 0x00000000ed800000, 0x00000000ed900000|  0%| F|  |TAMS 0x00000000ed800000, 0x00000000ed800000| Untracked 
| 217|0x00000000ed900000, 0x00000000ed900000, 0x00000000eda00000|  0%| F|  |TAMS 0x00000000ed900000, 0x00000000ed900000| Untracked 
| 218|0x00000000eda00000, 0x00000000eda00000, 0x00000000edb00000|  0%| F|  |TAMS 0x00000000eda00000, 0x00000000eda00000| Untracked 
| 219|0x00000000edb00000, 0x00000000edb00000, 0x00000000edc00000|  0%| F|  |TAMS 0x00000000edb00000, 0x00000000edb00000| Untracked 
| 220|0x00000000edc00000, 0x00000000edc00000, 0x00000000edd00000|  0%| F|  |TAMS 0x00000000edc00000, 0x00000000edc00000| Untracked 
| 221|0x00000000edd00000, 0x00000000edd00000, 0x00000000ede00000|  0%| F|  |TAMS 0x00000000edd00000, 0x00000000edd00000| Untracked 
| 222|0x00000000ede00000, 0x00000000ede00000, 0x00000000edf00000|  0%| F|  |TAMS 0x00000000ede00000, 0x00000000ede00000| Untracked 
| 223|0x00000000edf00000, 0x00000000edf00000, 0x00000000ee000000|  0%| F|  |TAMS 0x00000000edf00000, 0x00000000edf00000| Untracked 
| 224|0x00000000ee000000, 0x00000000ee000000, 0x00000000ee100000|  0%| F|  |TAMS 0x00000000ee000000, 0x00000000ee000000| Untracked 
| 225|0x00000000ee100000, 0x00000000ee100000, 0x00000000ee200000|  0%| F|  |TAMS 0x00000000ee100000, 0x00000000ee100000| Untracked 
| 226|0x00000000ee200000, 0x00000000ee200000, 0x00000000ee300000|  0%| F|  |TAMS 0x00000000ee200000, 0x00000000ee200000| Untracked 
| 227|0x00000000ee300000, 0x00000000ee300000, 0x00000000ee400000|  0%| F|  |TAMS 0x00000000ee300000, 0x00000000ee300000| Untracked 
| 228|0x00000000ee400000, 0x00000000ee400000, 0x00000000ee500000|  0%| F|  |TAMS 0x00000000ee400000, 0x00000000ee400000| Untracked 
| 229|0x00000000ee500000, 0x00000000ee500000, 0x00000000ee600000|  0%| F|  |TAMS 0x00000000ee500000, 0x00000000ee500000| Untracked 
| 230|0x00000000ee600000, 0x00000000ee600000, 0x00000000ee700000|  0%| F|  |TAMS 0x00000000ee600000, 0x00000000ee600000| Untracked 
| 231|0x00000000ee700000, 0x00000000ee700000, 0x00000000ee800000|  0%| F|  |TAMS 0x00000000ee700000, 0x00000000ee700000| Untracked 
| 232|0x00000000ee800000, 0x00000000ee800000, 0x00000000ee900000|  0%| F|  |TAMS 0x00000000ee800000, 0x00000000ee800000| Untracked 
| 233|0x00000000ee900000, 0x00000000ee900000, 0x00000000eea00000|  0%| F|  |TAMS 0x00000000ee900000, 0x00000000ee900000| Untracked 
| 234|0x00000000eea00000, 0x00000000eea00000, 0x00000000eeb00000|  0%| F|  |TAMS 0x00000000eea00000, 0x00000000eea00000| Untracked 
| 235|0x00000000eeb00000, 0x00000000eeb00000, 0x00000000eec00000|  0%| F|  |TAMS 0x00000000eeb00000, 0x00000000eeb00000| Untracked 
| 236|0x00000000eec00000, 0x00000000eec00000, 0x00000000eed00000|  0%| F|  |TAMS 0x00000000eec00000, 0x00000000eec00000| Untracked 
| 237|0x00000000eed00000, 0x00000000eed00000, 0x00000000eee00000|  0%| F|  |TAMS 0x00000000eed00000, 0x00000000eed00000| Untracked 
| 238|0x00000000eee00000, 0x00000000eee00000, 0x00000000eef00000|  0%| F|  |TAMS 0x00000000eee00000, 0x00000000eee00000| Untracked 
| 239|0x00000000eef00000, 0x00000000eef00000, 0x00000000ef000000|  0%| F|  |TAMS 0x00000000eef00000, 0x00000000eef00000| Untracked 
| 240|0x00000000ef000000, 0x00000000ef000000, 0x00000000ef100000|  0%| F|  |TAMS 0x00000000ef000000, 0x00000000ef000000| Untracked 
| 241|0x00000000ef100000, 0x00000000ef1c5aa8, 0x00000000ef200000| 77%| E|  |TAMS 0x00000000ef100000, 0x00000000ef100000| Complete 
| 242|0x00000000ef200000, 0x00000000ef300000, 0x00000000ef300000|100%| E|CS|TAMS 0x00000000ef200000, 0x00000000ef200000| Complete 
| 243|0x00000000ef300000, 0x00000000ef400000, 0x00000000ef400000|100%| E|CS|TAMS 0x00000000ef300000, 0x00000000ef300000| Complete 
| 244|0x00000000ef400000, 0x00000000ef500000, 0x00000000ef500000|100%| E|CS|TAMS 0x00000000ef400000, 0x00000000ef400000| Complete 
| 245|0x00000000ef500000, 0x00000000ef600000, 0x00000000ef600000|100%| E|CS|TAMS 0x00000000ef500000, 0x00000000ef500000| Complete 
| 246|0x00000000ef600000, 0x00000000ef700000, 0x00000000ef700000|100%| E|CS|TAMS 0x00000000ef600000, 0x00000000ef600000| Complete 
| 247|0x00000000ef700000, 0x00000000ef800000, 0x00000000ef800000|100%| E|CS|TAMS 0x00000000ef700000, 0x00000000ef700000| Complete 
| 248|0x00000000ef800000, 0x00000000ef900000, 0x00000000ef900000|100%| E|CS|TAMS 0x00000000ef800000, 0x00000000ef800000| Complete 
| 249|0x00000000ef900000, 0x00000000efa00000, 0x00000000efa00000|100%| E|CS|TAMS 0x00000000ef900000, 0x00000000ef900000| Complete 
| 250|0x00000000efa00000, 0x00000000efb00000, 0x00000000efb00000|100%| E|CS|TAMS 0x00000000efa00000, 0x00000000efa00000| Complete 
| 251|0x00000000efb00000, 0x00000000efc00000, 0x00000000efc00000|100%| E|CS|TAMS 0x00000000efb00000, 0x00000000efb00000| Complete 
| 252|0x00000000efc00000, 0x00000000efd00000, 0x00000000efd00000|100%| E|CS|TAMS 0x00000000efc00000, 0x00000000efc00000| Complete 
| 253|0x00000000efd00000, 0x00000000efe00000, 0x00000000efe00000|100%| E|CS|TAMS 0x00000000efd00000, 0x00000000efd00000| Complete 
| 254|0x00000000efe00000, 0x00000000eff00000, 0x00000000eff00000|100%| E|CS|TAMS 0x00000000efe00000, 0x00000000efe00000| Complete 
| 255|0x00000000eff00000, 0x00000000f0000000, 0x00000000f0000000|100%| E|CS|TAMS 0x00000000eff00000, 0x00000000eff00000| Complete 

Card table byte_map: [0x00000289bd500000,0x00000289bd600000] _byte_map_base: 0x00000289bce00000

Marking Bits (Prev, Next): (CMBitMap*) 0x00000289a37cd540, (CMBitMap*) 0x00000289a37cd580
 Prev Bits: [0x00000289bd700000, 0x00000289bdf00000)
 Next Bits: [0x00000289bdf00000, 0x00000289be700000)

Polling page: 0x00000289a3880000

Metaspace:

Usage:
  Non-class:     59.94 MB used.
      Class:      8.77 MB used.
       Both:     68.72 MB used.

Virtual space:
  Non-class space:       64.00 MB reserved,      60.44 MB ( 94%) committed,  8 nodes.
      Class space:      208.00 MB reserved,       9.25 MB (  4%) committed,  1 nodes.
              Both:      272.00 MB reserved,      69.69 MB ( 26%) committed. 

Chunk freelists:
   Non-Class:  3.30 MB
       Class:  2.81 MB
        Both:  6.11 MB

MaxMetaspaceSize: 256.00 MB
CompressedClassSpaceSize: 208.00 MB
 - commit_granule_bytes: 65536.
 - commit_granule_words: 8192.
 - virtual_space_node_default_size: 1048576.
 - enlarge_chunks_in_place: 1.
 - new_chunks_are_fully_committed: 0.
 - uncommit_free_chunks: 1.
 - use_allocation_guard: 0.
 - handle_deallocations: 1.


Internal statistics:

num_allocs_failed_limit: 12.
num_arena_births: 1328.
num_arena_deaths: 222.
num_vsnodes_births: 9.
num_vsnodes_deaths: 0.
num_space_committed: 1149.
num_space_uncommitted: 34.
num_chunks_returned_to_freelist: 384.
num_chunks_taken_from_freelist: 4752.
num_chunk_merges: 118.
num_chunk_splits: 2810.
num_chunks_enlarged: 1599.
num_purges: 4.

CodeHeap 'non-profiled nmethods': size=120000Kb used=11405Kb max_used=11466Kb free=108594Kb
 bounds [0x00000289b5460000, 0x00000289b5fb0000, 0x00000289bc990000]
CodeHeap 'profiled nmethods': size=120000Kb used=25115Kb max_used=26771Kb free=94884Kb
 bounds [0x00000289adf30000, 0x00000289af960000, 0x00000289b5460000]
CodeHeap 'non-nmethods': size=5760Kb used=2370Kb max_used=2449Kb free=3389Kb
 bounds [0x00000289ad990000, 0x00000289adc00000, 0x00000289adf30000]
 total_blobs=13951 nmethods=13076 adapters=787
 compilation: enabled
              stopped_count=0, restarted_count=0
 full_count=0

Compilation events (20 events):
Event: 56886.920 Thread 0x00000289c112ab30 16075       3       java.lang.PublicMethods::<init> (16 bytes)
Event: 56886.920 Thread 0x00000289c112a040 16076       4       java.lang.reflect.Modifier::toString (185 bytes)
Event: 56886.920 Thread 0x00000289c112ab30 nmethod 16075 0x00000289aedffd10 code [0x00000289aedffee0, 0x00000289aee00298]
Event: 56886.923 Thread 0x00000289c112ab30 16078       3       groovy.lang.MissingMethodException::<init> (37 bytes)
Event: 56886.923 Thread 0x00000289c112ab30 nmethod 16078 0x00000289ae566f10 code [0x00000289ae5670e0, 0x00000289ae567588]
Event: 56886.938 Thread 0x00000289c112ab30 16079       3       org.gradle.internal.event.BroadcastDispatch::assertIsMethod (76 bytes)
Event: 56886.939 Thread 0x00000289c112ab30 nmethod 16079 0x00000289ae1d6890 code [0x00000289ae1d6b60, 0x00000289ae1d7a58]
Event: 56886.939 Thread 0x00000289c112ab30 16080       3       org.gradle.internal.dispatch.ReflectionDispatch::<init> (10 bytes)
Event: 56886.939 Thread 0x00000289c112ab30 nmethod 16080 0x00000289ae474d90 code [0x00000289ae474f40, 0x00000289ae4750f8]
Event: 56886.940 Thread 0x00000289c112a040 nmethod 16076 0x00000289b5ecfc10 code [0x00000289b5ecfea0, 0x00000289b5ed16d8]
Event: 56886.940 Thread 0x00000289c112a040 16081       4       org.gradle.internal.service.DefaultServiceRegistry$OwnServices$ProviderAnalyser::analyseType (114 bytes)
Event: 56886.942 Thread 0x00000289c112ab30 16084       3       org.gradle.internal.service.DefaultServiceRegistry::newRegistration (9 bytes)
Event: 56886.942 Thread 0x00000289c112ab30 nmethod 16084 0x00000289ae8b2c10 code [0x00000289ae8b2dc0, 0x00000289ae8b3038]
Event: 56886.942 Thread 0x00000289c112ab30 16085       3       org.gradle.internal.service.DefaultServiceRegistry$1::<init> (10 bytes)
Event: 56886.942 Thread 0x00000289c112ab30 nmethod 16085 0x00000289aec30890 code [0x00000289aec30a40, 0x00000289aec30c18]
Event: 56886.942 Thread 0x00000289c112ab30 16086       3       org.gradle.internal.service.scopes.AbstractPluginServiceRegistry::registerGradleServices (1 bytes)
Event: 56886.943 Thread 0x00000289c112ab30 nmethod 16086 0x00000289ae260510 code [0x00000289ae2606a0, 0x00000289ae2607b8]
Event: 56886.951 Thread 0x00000289c112ab30 16087       3       java.math.BigInteger::bitLength (140 bytes)
Event: 56886.952 Thread 0x00000289c112ab30 nmethod 16087 0x00000289ae0ce710 code [0x00000289ae0ce900, 0x00000289ae0cee58]
Event: 56886.953 Thread 0x00000289c112ab30 16088       3       com.google.common.cache.LocalCache::<init> (464 bytes)

GC Heap History (20 events):
Event: 739.428 GC heap before
{Heap before GC invocations=27 (full 0):
 garbage-first heap   total 262144K, used 203697K [0x00000000e0000000, 0x0000000100000000)
  region size 1024K, 105 young (107520K), 15 survivors (15360K)
 Metaspace       used 69844K, committed 70720K, reserved 278528K
  class space    used 8936K, committed 9408K, reserved 212992K
}
Event: 739.435 GC heap after
{Heap after GC invocations=28 (full 0):
 garbage-first heap   total 262144K, used 115261K [0x00000000e0000000, 0x0000000100000000)
  region size 1024K, 2 young (2048K), 2 survivors (2048K)
 Metaspace       used 69844K, committed 70720K, reserved 278528K
  class space    used 8936K, committed 9408K, reserved 212992K
}
Event: 4520.800 GC heap before
{Heap before GC invocations=28 (full 0):
 garbage-first heap   total 262144K, used 208445K [0x00000000e0000000, 0x0000000100000000)
  region size 1024K, 94 young (96256K), 2 survivors (2048K)
 Metaspace       used 69988K, committed 70912K, reserved 278528K
  class space    used 8936K, committed 9408K, reserved 212992K
}
Event: 4520.807 GC heap after
{Heap after GC invocations=29 (full 0):
 garbage-first heap   total 262144K, used 114237K [0x00000000e0000000, 0x0000000100000000)
  region size 1024K, 1 young (1024K), 1 survivors (1024K)
 Metaspace       used 69988K, committed 70912K, reserved 278528K
  class space    used 8936K, committed 9408K, reserved 212992K
}
Event: 47719.621 GC heap before
{Heap before GC invocations=29 (full 0):
 garbage-first heap   total 262144K, used 212541K [0x00000000e0000000, 0x0000000100000000)
  region size 1024K, 97 young (99328K), 1 survivors (1024K)
 Metaspace       used 69992K, committed 70912K, reserved 278528K
  class space    used 8936K, committed 9408K, reserved 212992K
}
Event: 47719.632 GC heap after
{Heap after GC invocations=30 (full 0):
 garbage-first heap   total 262144K, used 113959K [0x00000000e0000000, 0x0000000100000000)
  region size 1024K, 1 young (1024K), 1 survivors (1024K)
 Metaspace       used 69992K, committed 70912K, reserved 278528K
  class space    used 8936K, committed 9408K, reserved 212992K
}
Event: 47720.258 GC heap before
{Heap before GC invocations=30 (full 0):
 garbage-first heap   total 262144K, used 216359K [0x00000000e0000000, 0x0000000100000000)
  region size 1024K, 101 young (103424K), 1 survivors (1024K)
 Metaspace       used 69992K, committed 70912K, reserved 278528K
  class space    used 8936K, committed 9408K, reserved 212992K
}
Event: 47720.395 GC heap after
{Heap after GC invocations=31 (full 0):
 garbage-first heap   total 262144K, used 113809K [0x00000000e0000000, 0x0000000100000000)
  region size 1024K, 1 young (1024K), 1 survivors (1024K)
 Metaspace       used 69992K, committed 70912K, reserved 278528K
  class space    used 8936K, committed 9408K, reserved 212992K
}
Event: 47720.465 GC heap before
{Heap before GC invocations=31 (full 0):
 garbage-first heap   total 262144K, used 145553K [0x00000000e0000000, 0x0000000100000000)
  region size 1024K, 32 young (32768K), 1 survivors (1024K)
 Metaspace       used 69992K, committed 70912K, reserved 278528K
  class space    used 8936K, committed 9408K, reserved 212992K
}
Event: 47720.466 GC heap after
{Heap after GC invocations=32 (full 0):
 garbage-first heap   total 262144K, used 113803K [0x00000000e0000000, 0x0000000100000000)
  region size 1024K, 1 young (1024K), 1 survivors (1024K)
 Metaspace       used 69992K, committed 70912K, reserved 278528K
  class space    used 8936K, committed 9408K, reserved 212992K
}
Event: 47720.568 GC heap before
{Heap before GC invocations=32 (full 0):
 garbage-first heap   total 262144K, used 163979K [0x00000000e0000000, 0x0000000100000000)
  region size 1024K, 50 young (51200K), 1 survivors (1024K)
 Metaspace       used 69992K, committed 70912K, reserved 278528K
  class space    used 8936K, committed 9408K, reserved 212992K
}
Event: 47720.569 GC heap after
{Heap after GC invocations=33 (full 0):
 garbage-first heap   total 262144K, used 113787K [0x00000000e0000000, 0x0000000100000000)
  region size 1024K, 1 young (1024K), 1 survivors (1024K)
 Metaspace       used 69992K, committed 70912K, reserved 278528K
  class space    used 8936K, committed 9408K, reserved 212992K
}
Event: 47720.938 GC heap before
{Heap before GC invocations=33 (full 0):
 garbage-first heap   total 262144K, used 223355K [0x00000000e0000000, 0x0000000100000000)
  region size 1024K, 108 young (110592K), 1 survivors (1024K)
 Metaspace       used 69992K, committed 70912K, reserved 278528K
  class space    used 8936K, committed 9408K, reserved 212992K
}
Event: 47720.948 GC heap after
{Heap after GC invocations=34 (full 0):
 garbage-first heap   total 262144K, used 113802K [0x00000000e0000000, 0x0000000100000000)
  region size 1024K, 1 young (1024K), 1 survivors (1024K)
 Metaspace       used 69992K, committed 70912K, reserved 278528K
  class space    used 8936K, committed 9408K, reserved 212992K
}
Event: 47723.769 GC heap before
{Heap before GC invocations=34 (full 0):
 garbage-first heap   total 262144K, used 225418K [0x00000000e0000000, 0x0000000100000000)
  region size 1024K, 111 young (113664K), 1 survivors (1024K)
 Metaspace       used 69992K, committed 70912K, reserved 278528K
  class space    used 8936K, committed 9408K, reserved 212992K
}
Event: 47723.772 GC heap after
{Heap after GC invocations=35 (full 0):
 garbage-first heap   total 262144K, used 113807K [0x00000000e0000000, 0x0000000100000000)
  region size 1024K, 1 young (1024K), 1 survivors (1024K)
 Metaspace       used 69992K, committed 70912K, reserved 278528K
  class space    used 8936K, committed 9408K, reserved 212992K
}
Event: 55534.795 GC heap before
{Heap before GC invocations=35 (full 0):
 garbage-first heap   total 262144K, used 227471K [0x00000000e0000000, 0x0000000100000000)
  region size 1024K, 112 young (114688K), 1 survivors (1024K)
 Metaspace       used 69994K, committed 70912K, reserved 278528K
  class space    used 8938K, committed 9408K, reserved 212992K
}
Event: 55534.832 GC heap after
{Heap after GC invocations=36 (full 0):
 garbage-first heap   total 262144K, used 113831K [0x00000000e0000000, 0x0000000100000000)
  region size 1024K, 1 young (1024K), 1 survivors (1024K)
 Metaspace       used 69994K, committed 70912K, reserved 278528K
  class space    used 8938K, committed 9408K, reserved 212992K
}
Event: 56785.721 GC heap before
{Heap before GC invocations=36 (full 0):
 garbage-first heap   total 262144K, used 229543K [0x00000000e0000000, 0x0000000100000000)
  region size 1024K, 114 young (116736K), 1 survivors (1024K)
 Metaspace       used 69997K, committed 70912K, reserved 278528K
  class space    used 8938K, committed 9408K, reserved 212992K
}
Event: 56785.725 GC heap after
{Heap after GC invocations=37 (full 0):
 garbage-first heap   total 262144K, used 113842K [0x00000000e0000000, 0x0000000100000000)
  region size 1024K, 1 young (1024K), 1 survivors (1024K)
 Metaspace       used 69997K, committed 70912K, reserved 278528K
  class space    used 8938K, committed 9408K, reserved 212992K
}

Deoptimization events (20 events):
Event: 56886.891 Thread 0x00000289c116d050 Uncommon trap: trap_request=0xffffff45 fr.pc=0x00000289b55ffccc relative=0x0000000000000c8c
Event: 56886.891 Thread 0x00000289c116d050 Uncommon trap: reason=unstable_if action=reinterpret pc=0x00000289b55ffccc method=java.lang.ref.SoftReference.get()Ljava/lang/Object; @ 6 c2
Event: 56886.891 Thread 0x00000289c116d050 DEOPT PACKING pc=0x00000289b55ffccc sp=0x000000ee5c4f9ad0
Event: 56886.891 Thread 0x00000289c116d050 DEOPT UNPACKING pc=0x00000289ad9df92e sp=0x000000ee5c4f9a10 mode 2
Event: 56886.892 Thread 0x00000289c116d050 Uncommon trap: trap_request=0xffffff45 fr.pc=0x00000289b54f4bb4 relative=0x0000000000000114
Event: 56886.892 Thread 0x00000289c116d050 Uncommon trap: reason=unstable_if action=reinterpret pc=0x00000289b54f4bb4 method=java.lang.ref.SoftReference.get()Ljava/lang/Object; @ 6 c2
Event: 56886.892 Thread 0x00000289c116d050 DEOPT PACKING pc=0x00000289b54f4bb4 sp=0x000000ee5c4f9470
Event: 56886.892 Thread 0x00000289c116d050 DEOPT UNPACKING pc=0x00000289ad9df92e sp=0x000000ee5c4f93c8 mode 2
Event: 56886.911 Thread 0x00000289c116d050 Uncommon trap: trap_request=0xffffff45 fr.pc=0x00000289b57bc7ec relative=0x000000000000042c
Event: 56886.911 Thread 0x00000289c116d050 Uncommon trap: reason=unstable_if action=reinterpret pc=0x00000289b57bc7ec method=java.lang.ref.SoftReference.get()Ljava/lang/Object; @ 6 c2
Event: 56886.911 Thread 0x00000289c116d050 DEOPT PACKING pc=0x00000289b57bc7ec sp=0x000000ee5c4f9ba0
Event: 56886.911 Thread 0x00000289c116d050 DEOPT UNPACKING pc=0x00000289ad9df92e sp=0x000000ee5c4f9a70 mode 2
Event: 56886.913 Thread 0x00000289c116d050 Uncommon trap: trap_request=0xffffff45 fr.pc=0x00000289b550f530 relative=0x0000000000000110
Event: 56886.913 Thread 0x00000289c116d050 Uncommon trap: reason=unstable_if action=reinterpret pc=0x00000289b550f530 method=java.lang.ref.SoftReference.get()Ljava/lang/Object; @ 6 c2
Event: 56886.913 Thread 0x00000289c116d050 DEOPT PACKING pc=0x00000289b550f530 sp=0x000000ee5c4f9b20
Event: 56886.913 Thread 0x00000289c116d050 DEOPT UNPACKING pc=0x00000289ad9df92e sp=0x000000ee5c4f9a70 mode 2
Event: 56886.947 Thread 0x00000289c116d050 Uncommon trap: trap_request=0xffffffde fr.pc=0x00000289b5ddf458 relative=0x0000000000000618
Event: 56886.947 Thread 0x00000289c116d050 Uncommon trap: reason=class_check action=maybe_recompile pc=0x00000289b5ddf458 method=org.gradle.cache.internal.filelock.LockStateAccess.readState(Ljava/io/RandomAccessFile;)Lorg/gradle/cache/internal/filelock/LockState; @ 84 c2
Event: 56886.948 Thread 0x00000289c116d050 DEOPT PACKING pc=0x00000289b5ddf458 sp=0x000000ee5c4fb560
Event: 56886.948 Thread 0x00000289c116d050 DEOPT UNPACKING pc=0x00000289ad9df92e sp=0x000000ee5c4fb500 mode 2

Classes unloaded (20 events):
Event: 736.662 Thread 0x00000289c110bbd0 Unloading class 0x00000008013e19c8 'com/google/common/collect/SortedMapDifference'
Event: 736.662 Thread 0x00000289c110bbd0 Unloading class 0x00000008013e17d0 'com/google/common/collect/MapDifference'
Event: 736.662 Thread 0x00000289c110bbd0 Unloading class 0x00000008013e15d0 'com/google/common/collect/Maps'
Event: 736.662 Thread 0x00000289c110bbd0 Unloading class 0x00000008013e13d0 'com/google/common/collect/Platform'
Event: 736.662 Thread 0x00000289c110bbd0 Unloading class 0x00000008010525f8 'com/google/common/collect/Multiset'
Event: 736.662 Thread 0x00000289c110bbd0 Unloading class 0x00000008013e0e90 'com/google/common/collect/LinkedHashMultimap'
Event: 736.662 Thread 0x00000289c110bbd0 Unloading class 0x00000008013e0958 'com/google/common/collect/LinkedHashMultimapGwtSerializationDependencies'
Event: 736.662 Thread 0x00000289c110bbd0 Unloading class 0x00000008013e0420 'com/google/common/collect/AbstractSetMultimap'
Event: 736.662 Thread 0x00000289c110bbd0 Unloading class 0x00000008013e0000 'com/google/common/collect/AbstractMapBasedMultimap'
Event: 736.662 Thread 0x00000289c110bbd0 Unloading class 0x0000000800e2c000 'com/google/common/collect/AbstractMultimap'
Event: 736.662 Thread 0x00000289c110bbd0 Unloading class 0x0000000800e4c400 'dagger/internal/codegen/base/SourceFileGenerationException'
Event: 736.662 Thread 0x00000289c110bbd0 Unloading class 0x0000000801052400 'dagger/shaded/auto/common/BasicAnnotationProcessor$Step'
Event: 736.662 Thread 0x00000289c110bbd0 Unloading class 0x00000008010551f8 'com/google/common/collect/SetMultimap'
Event: 736.662 Thread 0x00000289c110bbd0 Unloading class 0x0000000801055000 'com/google/common/collect/Multimap'
Event: 736.662 Thread 0x00000289c110bbd0 Unloading class 0x0000000801055800 'dagger/internal/codegen/ComponentProcessor'
Event: 736.662 Thread 0x00000289c110bbd0 Unloading class 0x0000000801056000 'dagger/shaded/auto/common/BasicAnnotationProcessor'
Event: 736.662 Thread 0x00000289c110bbd0 Unloading class 0x00000008013a9800 'jdk/internal/reflect/GeneratedMethodAccessor174'
Event: 736.662 Thread 0x00000289c110bbd0 Unloading class 0x00000008013a9400 'jdk/internal/reflect/GeneratedMethodAccessor173'
Event: 736.662 Thread 0x00000289c110bbd0 Unloading class 0x00000008013a8800 'jdk/internal/reflect/GeneratedMethodAccessor170'
Event: 736.662 Thread 0x00000289c110bbd0 Unloading class 0x00000008013a8400 'jdk/internal/reflect/GeneratedConstructorAccessor132'

Classes redefined (0 events):
No events

Internal exceptions (20 events):
Event: 739.496 Thread 0x00000289c22cb880 Exception <a 'java/lang/NullPointerException'{0x00000000eeb1f280}> (0x00000000eeb1f280) 
thrown [c:\wsjdk\correttojdksrc\installers\windows\zip\corretto-build\buildroot\src\hotspot\share\runtime\sharedRuntime.cpp, line 624]
Event: 56785.693 Thread 0x00000289c745bab0 Exception <a 'sun/net/ConnectionResetException'{0x00000000e8e99078}: Connection reset> (0x00000000e8e99078) 
thrown [c:\wsjdk\correttojdksrc\installers\windows\zip\corretto-build\buildroot\src\hotspot\share\prims\jni.cpp, line 600]
Event: 56785.736 Thread 0x00000289c1de9620 Implicit null exception at 0x00000289b5b3d746 to 0x00000289b5b3de4c
Event: 56785.806 Thread 0x00000289c22cb880 Exception <a 'java/lang/reflect/InvocationTargetException'{0x00000000eff81c98}> (0x00000000eff81c98) 
thrown [c:\wsjdk\correttojdksrc\installers\windows\zip\corretto-build\buildroot\src\hotspot\share\runtime\reflection.cpp, line 1157]
Event: 56785.873 Thread 0x00000289c1de9620 Exception <a 'java/io/IOException'{0x00000000efe83998}: Connection reset by peer> (0x00000000efe83998) 
thrown [c:\wsjdk\correttojdksrc\installers\windows\zip\corretto-build\buildroot\src\hotspot\share\prims\jni.cpp, line 600]
Event: 56786.515 Thread 0x00000289c74ed5c0 Exception <a 'java/lang/NoSuchMethodError'{0x00000000efa795e0}: static Lorg/gradle/tooling/internal/provider/serialization/ClassLoaderDetails;.<clinit>()V> (0x00000000efa795e0) 
thrown [c:\wsjdk\correttojdksrc\installers\windows\zip\corretto-build\buildroot\src\hotspot\share\prims\jni.cpp, line 1210]
Event: 56786.517 Thread 0x00000289c74ed5c0 Exception <a 'java/lang/NoSuchMethodError'{0x00000000efa933d0}: static Lorg/gradle/tooling/internal/provider/serialization/WellKnownClassLoaderRegistry$KnownClassLoaderSpec;.<clinit>()V> (0x00000000efa933d0) 
thrown [c:\wsjdk\correttojdksrc\installers\windows\zip\corretto-build\buildroot\src\hotspot\share\prims\jni.cpp, line 1210]
Event: 56786.518 Thread 0x00000289c74ed5c0 Exception <a 'java/lang/NoSuchMethodError'{0x00000000efa94b00}: static Lorg/gradle/internal/classloader/ClassLoaderSpec;.<clinit>()V> (0x00000000efa94b00) 
thrown [c:\wsjdk\correttojdksrc\installers\windows\zip\corretto-build\buildroot\src\hotspot\share\prims\jni.cpp, line 1210]
Event: 56786.520 Thread 0x00000289c74ed5c0 Exception <a 'java/lang/NoSuchMethodError'{0x00000000efaa6a00}: static Lorg/gradle/internal/classloader/ClassLoaderSpec;.<clinit>()V> (0x00000000efaa6a00) 
thrown [c:\wsjdk\correttojdksrc\installers\windows\zip\corretto-build\buildroot\src\hotspot\share\prims\jni.cpp, line 1210]
Event: 56786.521 Thread 0x00000289c74ed5c0 Exception <a 'java/lang/NoSuchMethodError'{0x00000000efab2760}: static Lorg/gradle/internal/classloader/VisitableURLClassLoader$Spec;.<clinit>()V> (0x00000000efab2760) 
thrown [c:\wsjdk\correttojdksrc\installers\windows\zip\corretto-build\buildroot\src\hotspot\share\prims\jni.cpp, line 1210]
Event: 56786.525 Thread 0x00000289c74ed5c0 Exception <a 'java/io/IOException'{0x00000000efac0318}: Connection reset by peer> (0x00000000efac0318) 
thrown [c:\wsjdk\correttojdksrc\installers\windows\zip\corretto-build\buildroot\src\hotspot\share\prims\jni.cpp, line 600]
Event: 56786.526 Thread 0x00000289c74ed5c0 Exception <a 'java/io/IOException'{0x00000000efac1cd8}: Connection reset by peer> (0x00000000efac1cd8) 
thrown [c:\wsjdk\correttojdksrc\installers\windows\zip\corretto-build\buildroot\src\hotspot\share\prims\jni.cpp, line 600]
Event: 56786.526 Thread 0x00000289c74ed5c0 Exception <a 'java/lang/reflect/InvocationTargetException'{0x00000000efac2e38}> (0x00000000efac2e38) 
thrown [c:\wsjdk\correttojdksrc\installers\windows\zip\corretto-build\buildroot\src\hotspot\share\runtime\reflection.cpp, line 1157]
Event: 56786.526 Thread 0x00000289c74ed5c0 Exception <a 'java/io/IOException'{0x00000000efac33f0}: Connection reset by peer> (0x00000000efac33f0) 
thrown [c:\wsjdk\correttojdksrc\installers\windows\zip\corretto-build\buildroot\src\hotspot\share\prims\jni.cpp, line 600]
Event: 56786.526 Thread 0x00000289c74ed5c0 Exception <a 'java/lang/reflect/InvocationTargetException'{0x00000000efac4000}> (0x00000000efac4000) 
thrown [c:\wsjdk\correttojdksrc\installers\windows\zip\corretto-build\buildroot\src\hotspot\share\runtime\reflection.cpp, line 1157]
Event: 56786.526 Thread 0x00000289c74ed5c0 Exception <a 'java/io/IOException'{0x00000000efac45b8}: Connection reset by peer> (0x00000000efac45b8) 
thrown [c:\wsjdk\correttojdksrc\installers\windows\zip\corretto-build\buildroot\src\hotspot\share\prims\jni.cpp, line 600]
Event: 56786.530 Thread 0x00000289c74ed5c0 Exception <a 'java/io/IOException'{0x00000000efae8360}: Connection reset by peer> (0x00000000efae8360) 
thrown [c:\wsjdk\correttojdksrc\installers\windows\zip\corretto-build\buildroot\src\hotspot\share\prims\jni.cpp, line 600]
Event: 56786.530 Thread 0x00000289c74ed5c0 Exception <a 'java/io/IOException'{0x00000000efaeaff8}: Connection reset by peer> (0x00000000efaeaff8) 
thrown [c:\wsjdk\correttojdksrc\installers\windows\zip\corretto-build\buildroot\src\hotspot\share\prims\jni.cpp, line 600]
Event: 56886.911 Thread 0x00000289c116d050 Implicit null exception at 0x00000289b57bc559 to 0x00000289b57bc7d8
Event: 56886.913 Thread 0x00000289c116d050 Implicit null exception at 0x00000289b550f464 to 0x00000289b550f51c

Events (20 events):
Event: 56791.230 Executing  VM operation: Cleanup done
Event: 56845.880 Thread 0x00000289c2bca6e0 Thread exited: 0x00000289c2bca6e0
Event: 56845.880 Thread 0x00000289c2bca190 Thread exited: 0x00000289c2bca190
Event: 56845.913 Thread 0x00000289c74edb10 Thread exited: 0x00000289c74edb10
Event: 56846.500 Thread 0x00000289c745c000 Thread exited: 0x00000289c745c000
Event: 56846.546 Thread 0x00000289c74ed5c0 Thread exited: 0x00000289c74ed5c0
Event: 56886.720 Thread 0x00000289ca4c8b10 Thread added: 0x00000289ca4c8b10
Event: 56886.721 Thread 0x00000289c116cb00 Thread added: 0x00000289c116cb00
Event: 56886.771 Thread 0x00000289c116e040 Thread added: 0x00000289c116e040
Event: 56886.773 Thread 0x00000289c116d050 Thread added: 0x00000289c116d050
Event: 56886.775 Thread 0x00000289ca4c8070 Thread added: 0x00000289ca4c8070
Event: 56886.777 Thread 0x00000289ca4c9060 Thread added: 0x00000289ca4c9060
Event: 56886.777 Thread 0x00000289c8806430 Thread added: 0x00000289c8806430
Event: 56886.798 Thread 0x00000289c8804ef0 Thread added: 0x00000289c8804ef0
Event: 56886.843 Thread 0x00000289c8805440 Thread added: 0x00000289c8805440
Event: 56886.854 Thread 0x00000289c2bcb6d0 Thread added: 0x00000289c2bcb6d0
Event: 56886.865 Thread 0x00000289c8805ee0 Thread added: 0x00000289c8805ee0
Event: 56886.893 Executing  VM operation: Cleanup
Event: 56886.893 Executing  VM operation: Cleanup done
Event: 56886.927 Thread 0x00000289c74edb10 Thread added: 0x00000289c74edb10


Dynamic libraries:
0x00007ff68b7b0000 - 0x00007ff68b7bd000 	C:\Users\Aisha\.jdks\corretto-16.0.2\bin\java.exe
0x00007ffd94df0000 - 0x00007ffd95004000 	C:\WINDOWS\SYSTEM32\ntdll.dll
0x00007ffd93640000 - 0x00007ffd93702000 	C:\WINDOWS\System32\KERNEL32.DLL
0x00007ffd923d0000 - 0x00007ffd92773000 	C:\WINDOWS\System32\KERNELBASE.dll
0x00007ffd922b0000 - 0x00007ffd923c1000 	C:\WINDOWS\System32\ucrtbase.dll
0x00007ffd8aa20000 - 0x00007ffd8aa38000 	C:\Users\Aisha\.jdks\corretto-16.0.2\bin\jli.dll
0x00007ffd88920000 - 0x00007ffd88935000 	C:\Users\Aisha\.jdks\corretto-16.0.2\bin\VCRUNTIME140.dll
0x00007ffd92c30000 - 0x00007ffd92ddb000 	C:\WINDOWS\System32\USER32.dll
0x00007ffd92ab0000 - 0x00007ffd92ad6000 	C:\WINDOWS\System32\win32u.dll
0x00007ffd6dd80000 - 0x00007ffd6e00e000 	C:\WINDOWS\WinSxS\amd64_microsoft.windows.common-controls_6595b64144ccf1df_6.0.22621.1635_none_270f70857386168e\COMCTL32.dll
0x00007ffd94440000 - 0x00007ffd94469000 	C:\WINDOWS\System32\GDI32.dll
0x00007ffd944e0000 - 0x00007ffd94587000 	C:\WINDOWS\System32\msvcrt.dll
0x00007ffd92820000 - 0x00007ffd92939000 	C:\WINDOWS\System32\gdi32full.dll
0x00007ffd92780000 - 0x00007ffd9281a000 	C:\WINDOWS\System32\msvcp_win.dll
0x00007ffd93220000 - 0x00007ffd93251000 	C:\WINDOWS\System32\IMM32.DLL
0x00007ffd5da60000 - 0x00007ffd5dafb000 	C:\Users\Aisha\.jdks\corretto-16.0.2\bin\msvcp140.dll
0x00007ffd39840000 - 0x00007ffd3a449000 	C:\Users\Aisha\.jdks\corretto-16.0.2\bin\server\jvm.dll
0x00007ffd93710000 - 0x00007ffd937be000 	C:\WINDOWS\System32\ADVAPI32.dll
0x00007ffd94610000 - 0x00007ffd946b4000 	C:\WINDOWS\System32\sechost.dll
0x00007ffd93260000 - 0x00007ffd93377000 	C:\WINDOWS\System32\RPCRT4.dll
0x00007ffd94420000 - 0x00007ffd94428000 	C:\WINDOWS\System32\PSAPI.DLL
0x00007ffd733d0000 - 0x00007ffd733d9000 	C:\WINDOWS\SYSTEM32\WSOCK32.dll
0x00007ffd89af0000 - 0x00007ffd89afa000 	C:\WINDOWS\SYSTEM32\VERSION.dll
0x00007ffd94b40000 - 0x00007ffd94bb1000 	C:\WINDOWS\System32\WS2_32.dll
0x00007ffd8ae40000 - 0x00007ffd8ae74000 	C:\WINDOWS\SYSTEM32\WINMM.dll
0x00007ffd91310000 - 0x00007ffd91328000 	C:\WINDOWS\SYSTEM32\kernel.appcore.dll
0x00007ffd8cd30000 - 0x00007ffd8cd3a000 	C:\Users\Aisha\.jdks\corretto-16.0.2\bin\jimage.dll
0x00007ffd817f0000 - 0x00007ffd81a1e000 	C:\WINDOWS\SYSTEM32\DBGHELP.DLL
0x00007ffd92de0000 - 0x00007ffd93169000 	C:\WINDOWS\System32\combase.dll
0x00007ffd93a20000 - 0x00007ffd93af7000 	C:\WINDOWS\System32\OLEAUT32.dll
0x00007ffd6f9f0000 - 0x00007ffd6fa22000 	C:\WINDOWS\SYSTEM32\dbgcore.DLL
0x00007ffd92ae0000 - 0x00007ffd92b5b000 	C:\WINDOWS\System32\bcryptPrimitives.dll
0x00007ffd88770000 - 0x00007ffd88795000 	C:\Users\Aisha\.jdks\corretto-16.0.2\bin\java.dll
0x00007ffd93b00000 - 0x00007ffd942fa000 	C:\WINDOWS\System32\SHELL32.dll
0x00007ffd901b0000 - 0x00007ffd90a7e000 	C:\WINDOWS\SYSTEM32\windows.storage.dll
0x00007ffd90070000 - 0x00007ffd901ae000 	C:\WINDOWS\SYSTEM32\wintypes.dll
0x00007ffd93540000 - 0x00007ffd93631000 	C:\WINDOWS\System32\SHCORE.dll
0x00007ffd94bc0000 - 0x00007ffd94c1e000 	C:\WINDOWS\System32\shlwapi.dll
0x00007ffd92120000 - 0x00007ffd92141000 	C:\WINDOWS\SYSTEM32\profapi.dll
0x00007ffd88720000 - 0x00007ffd88739000 	C:\Users\Aisha\.jdks\corretto-16.0.2\bin\net.dll
0x00007ffd8c380000 - 0x00007ffd8c4b7000 	C:\WINDOWS\SYSTEM32\WINHTTP.dll
0x00007ffd917a0000 - 0x00007ffd91809000 	C:\WINDOWS\system32\mswsock.dll
0x00007ffd87c00000 - 0x00007ffd87c13000 	C:\Users\Aisha\.jdks\corretto-16.0.2\bin\nio.dll
0x00007ffd7afa0000 - 0x00007ffd7afb8000 	C:\Users\Aisha\.jdks\corretto-16.0.2\bin\zip.dll
0x00007ffd88b80000 - 0x00007ffd88b90000 	C:\Users\Aisha\.jdks\corretto-16.0.2\bin\verify.dll
0x00007ffd8bfc0000 - 0x00007ffd8bfe7000 	C:\Users\Aisha\.gradle\native\8bec1ad78214c89d9ad589b4d07fe93259594b29d510b10fafb7a158f7737e5d\windows-amd64\native-platform.dll
0x00007ffd60bc0000 - 0x00007ffd60cfd000 	C:\Users\Aisha\.gradle\native\53dbd7edfb1c66fb8903c78663c9afc45aea4f116125fa6feffd364cf09443e8\windows-amd64\native-platform-file-events.dll
0x00007ffd88ab0000 - 0x00007ffd88ab9000 	C:\Users\Aisha\.jdks\corretto-16.0.2\bin\management.dll
0x00007ffd888f0000 - 0x00007ffd888fb000 	C:\Users\Aisha\.jdks\corretto-16.0.2\bin\management_ext.dll
0x00007ffd91a00000 - 0x00007ffd91a1b000 	C:\WINDOWS\SYSTEM32\CRYPTSP.dll
0x00007ffd91280000 - 0x00007ffd912b5000 	C:\WINDOWS\system32\rsaenh.dll
0x00007ffd918a0000 - 0x00007ffd918c8000 	C:\WINDOWS\SYSTEM32\USERENV.dll
0x00007ffd91bc0000 - 0x00007ffd91be8000 	C:\WINDOWS\SYSTEM32\bcrypt.dll
0x00007ffd91a20000 - 0x00007ffd91a2c000 	C:\WINDOWS\SYSTEM32\CRYPTBASE.dll
0x00007ffd90d50000 - 0x00007ffd90d7d000 	C:\WINDOWS\SYSTEM32\IPHLPAPI.DLL
0x00007ffd93a10000 - 0x00007ffd93a19000 	C:\WINDOWS\System32\NSI.dll
0x00007ffd89b80000 - 0x00007ffd89b99000 	C:\WINDOWS\SYSTEM32\dhcpcsvc6.DLL
0x00007ffd89ab0000 - 0x00007ffd89acf000 	C:\WINDOWS\SYSTEM32\dhcpcsvc.DLL
0x00007ffd90d80000 - 0x00007ffd90e73000 	C:\WINDOWS\SYSTEM32\DNSAPI.dll
0x00007ffd887f0000 - 0x00007ffd887fe000 	C:\Users\Aisha\.jdks\corretto-16.0.2\bin\sunmscapi.dll
0x00007ffd92940000 - 0x00007ffd92aa7000 	C:\WINDOWS\System32\CRYPT32.dll
0x00007ffd91b90000 - 0x00007ffd91bbe000 	C:\WINDOWS\SYSTEM32\ncrypt.dll
0x00007ffd91b50000 - 0x00007ffd91b87000 	C:\WINDOWS\SYSTEM32\NTASN1.dll
0x00007ffd87a10000 - 0x00007ffd87a18000 	C:\WINDOWS\system32\wshunix.dll

dbghelp: loaded successfully - version: 4.0.5 - missing functions: none
symbol engine: initialized successfully - sym options: 0x614 - pdb path: .;C:\Users\Aisha\.jdks\corretto-16.0.2\bin;C:\WINDOWS\SYSTEM32;C:\WINDOWS\WinSxS\amd64_microsoft.windows.common-controls_6595b64144ccf1df_6.0.22621.1635_none_270f70857386168e;C:\Users\Aisha\.jdks\corretto-16.0.2\bin\server;C:\Users\Aisha\.gradle\native\8bec1ad78214c89d9ad589b4d07fe93259594b29d510b10fafb7a158f7737e5d\windows-amd64;C:\Users\Aisha\.gradle\native\53dbd7edfb1c66fb8903c78663c9afc45aea4f116125fa6feffd364cf09443e8\windows-amd64

VM Arguments:
jvm_args: --add-opens=java.base/java.util=ALL-UNNAMED --add-opens=java.base/java.lang=ALL-UNNAMED --add-opens=java.base/java.lang.invoke=ALL-UNNAMED --add-opens=java.base/java.util=ALL-UNNAMED --add-opens=java.prefs/java.util.prefs=ALL-UNNAMED --add-opens=java.prefs/java.util.prefs=ALL-UNNAMED --add-opens=java.base/java.nio.charset=ALL-UNNAMED --add-opens=java.base/java.net=ALL-UNNAMED --add-opens=java.base/java.util.concurrent.atomic=ALL-UNNAMED -XX:MaxMetaspaceSize=256m -XX:+HeapDumpOnOutOfMemoryError -Xms256m -Xmx512m -Dfile.encoding=windows-1252 -Duser.country=US -Duser.language=en -Duser.variant 
java_command: org.gradle.launcher.daemon.bootstrap.GradleDaemon 7.0.2
java_class_path (initial): C:\Users\Aisha\.gradle\wrapper\dists\gradle-7.0.2-bin\857tjihv64xamwrf0h14cai3r\gradle-7.0.2\lib\gradle-launcher-7.0.2.jar
Launcher Type: SUN_STANDARD

[Global flags]
     intx CICompilerCount                          = 4                                         {product} {ergonomic}
   size_t CompressedClassSpaceSize                 = 218103808                                 {product} {ergonomic}
     uint ConcGCThreads                            = 2                                         {product} {ergonomic}
     uint G1ConcRefinementThreads                  = 8                                         {product} {ergonomic}
   size_t G1HeapRegionSize                         = 1048576                                   {product} {ergonomic}
    uintx GCDrainStackTargetSize                   = 64                                        {product} {ergonomic}
     bool HeapDumpOnOutOfMemoryError               = true                                   {manageable} {command line}
   size_t InitialHeapSize                          = 268435456                                 {product} {command line}
   size_t MarkStackSize                            = 4194304                                   {product} {ergonomic}
   size_t MaxHeapSize                              = 536870912                                 {product} {command line}
   size_t MaxMetaspaceSize                         = 268435456                                 {product} {command line}
   size_t MaxNewSize                               = 321912832                                 {product} {ergonomic}
   size_t MinHeapDeltaBytes                        = 1048576                                   {product} {ergonomic}
   size_t MinHeapSize                              = 268435456                                 {product} {command line}
    uintx NonNMethodCodeHeapSize                   = 5839372                                {pd product} {ergonomic}
    uintx NonProfiledCodeHeapSize                  = 122909434                              {pd product} {ergonomic}
    uintx ProfiledCodeHeapSize                     = 122909434                              {pd product} {ergonomic}
    uintx ReservedCodeCacheSize                    = 251658240                              {pd product} {ergonomic}
     bool SegmentedCodeCache                       = true                                      {product} {ergonomic}
   size_t SoftMaxHeapSize                          = 536870912                              {manageable} {ergonomic}
     bool UseCompressedClassPointers               = true                           {product lp64_product} {ergonomic}
     bool UseCompressedOops                        = true                           {product lp64_product} {ergonomic}
     bool UseG1GC                                  = true                                      {product} {ergonomic}
     bool UseLargePagesIndividualAllocation        = false                                  {pd product} {ergonomic}

Logging:
Log output configuration:
 #0: stdout all=warning uptime,level,tags
 #1: stderr all=off uptime,level,tags

Environment Variables:
JAVA_HOME=C:\Users\Aisha\.jdks\corretto-16.0.2
PATH=C:\Program Files\Git\mingw64\bin;C:\Program Files\Git\usr\bin;C:\Users\Aisha\bin;C:\Python311\Scripts;C:\Python311;C:\WINDOWS\system32;C:\WINDOWS;C:\WINDOWS\System32\Wbem;C:\WINDOWS\System32\WindowsPowerShell\v1.0;C:\WINDOWS\System32\OpenSSH;C:\Program Files\Git\cmd;C:\ProgramData\chocolatey\bin;C:\Program Files\GitHub CLI;C:\Program Files\Amazon\AWSCLIV2;C:\Program Files\Docker\Docker\resources\bin;C:\Program Files\nodejs;C:\Program Files\Amazon\AWSSAMCLI\bin;C:\Users\Aisha\AppData\Local\Microsoft\WindowsApps;C:\Users\Aisha\AppData\Local\GitHubDesktop\bin;C:\Users\Aisha\AppData\Roaming\npm;C:\Users\Aisha\AppData\Local\Programs\Microsoft VS Code\bin;C:\Program Files\gradle-7.1\bin;C:\Users\Aisha\.jdks\corretto-16.0.2\bin
USERNAME=Aisha
OS=Windows_NT
PROCESSOR_IDENTIFIER=Intel64 Family 6 Model 140 Stepping 2, GenuineIntel



---------------  S Y S T E M  ---------------

OS:
 Windows 10 , 64 bit Build 22621 (10.0.22621.1778)
OS uptime: 6 days 12:59 hours
Hyper-V role detected

CPU: total 8 (initial active 8) (4 cores per cpu, 2 threads per core) family 6 model 140 stepping 2 microcode 0x28, cx8, cmov, fxsr, ht, mmx, 3dnowpref, sse, sse2, sse3, ssse3, sse4.1, sse4.2, popcnt, lzcnt, tsc, tscinvbit, avx, avx2, aes, erms, clmul, bmi1, bmi2, adx, avx512f, avx512dq, avx512cd, avx512bw, avx512vl, sha, fma, vzeroupper, avx512_vpopcntdq, avx512_vpclmulqdq, avx512_vaes, avx512_vnni, clflush, clflushopt, clwb, avx512_vmbi2, avx512_vmbi, hv

Memory: 4k page, system-wide physical 16129M (1008M free)
TotalPageFile size 31234M (AvailPageFile size 4326M)
current process WorkingSet (physical memory assigned to process): 283M, peak: 512M
current process commit charge ("private bytes"): 545M, peak: 549M

vm_info: OpenJDK 64-Bit Server VM (16.0.2+7) for windows-amd64 JRE (16.0.2+7), built on Jul 22 2021 01:11:46 by "Administrator" with MS VC++ 15.9 (VS2017)

END.
